{"C:\\Users\\Ryan\\Desktop\\Teach2give\\Database\\car-db\\src\\index.ts": {"path":"C:\\Users\\Ryan\\Desktop\\Teach2give\\Database\\car-db\\src\\index.ts","statementMap":{"0":{"start":{"line":3,"column":0},"end":{"line":3,"column":49}},"1":{"start":{"line":4,"column":0},"end":{"line":4,"column":49}},"2":{"start":{"line":5,"column":0},"end":{"line":5,"column":34}},"3":{"start":{"line":6,"column":0},"end":{"line":6,"column":46}},"4":{"start":{"line":7,"column":0},"end":{"line":7,"column":52}},"5":{"start":{"line":8,"column":0},"end":{"line":8,"column":58}},"6":{"start":{"line":9,"column":0},"end":{"line":9,"column":46}},"7":{"start":{"line":10,"column":0},"end":{"line":10,"column":58}},"8":{"start":{"line":12,"column":21},"end":{"line":34,"column":1}},"9":{"start":{"line":13,"column":14},"end":{"line":13,"column":23}},"10":{"start":{"line":16,"column":2},"end":{"line":16,"column":26}},"11":{"start":{"line":19,"column":2},"end":{"line":19,"column":16}},"12":{"start":{"line":20,"column":2},"end":{"line":20,"column":16}},"13":{"start":{"line":21,"column":2},"end":{"line":21,"column":11}},"14":{"start":{"line":22,"column":2},"end":{"line":22,"column":15}},"15":{"start":{"line":23,"column":2},"end":{"line":23,"column":17}},"16":{"start":{"line":24,"column":2},"end":{"line":24,"column":19}},"17":{"start":{"line":25,"column":2},"end":{"line":25,"column":15}},"18":{"start":{"line":26,"column":2},"end":{"line":26,"column":19}},"19":{"start":{"line":29,"column":2},"end":{"line":31,"column":null}},"20":{"start":{"line":30,"column":4},"end":{"line":30,"column":null}},"21":{"start":{"line":33,"column":2},"end":{"line":33,"column":13}},"22":{"start":{"line":36,"column":12},"end":{"line":36,"column":26}},"23":{"start":{"line":37,"column":0},"end":{"line":37,"column":19}}},"fnMap":{"0":{"name":"(anonymous_1)","decl":{"start":{"line":12,"column":21},"end":{"line":12,"column":24}},"loc":{"start":{"line":12,"column":26},"end":{"line":34,"column":1}}},"1":{"name":"(anonymous_2)","decl":{"start":{"line":29,"column":15},"end":{"line":29,"column":16}},"loc":{"start":{"line":29,"column":28},"end":{"line":31,"column":3}}}},"branchMap":{},"s":{"0":4,"1":4,"2":4,"3":4,"4":4,"5":4,"6":4,"7":4,"8":4,"9":4,"10":4,"11":4,"12":4,"13":4,"14":4,"15":4,"16":4,"17":4,"18":4,"19":4,"20":0,"21":4,"22":4,"23":4},"f":{"0":4,"1":0},"b":{}}
,"C:\\Users\\Ryan\\Desktop\\Teach2give\\Database\\car-db\\src\\booking\\booking.controller.ts": {"path":"C:\\Users\\Ryan\\Desktop\\Teach2give\\Database\\car-db\\src\\booking\\booking.controller.ts","statementMap":{"0":{"start":{"line":2,"column":0},"end":{"line":2,"column":52}},"1":{"start":{"line":5,"column":40},"end":{"line":15,"column":1}},"2":{"start":{"line":6,"column":2},"end":{"line":14,"column":3}},"3":{"start":{"line":7,"column":21},"end":{"line":7,"column":58}},"4":{"start":{"line":8,"column":4},"end":{"line":8,"column":null}},"5":{"start":{"line":9,"column":4},"end":{"line":9,"column":11}},"6":{"start":{"line":11,"column":4},"end":{"line":11,"column":null}},"7":{"start":{"line":12,"column":4},"end":{"line":12,"column":null}},"8":{"start":{"line":13,"column":4},"end":{"line":13,"column":11}},"9":{"start":{"line":5,"column":13},"end":{"line":5,"column":40}},"10":{"start":{"line":18,"column":40},"end":{"line":41,"column":1}},"11":{"start":{"line":19,"column":2},"end":{"line":40,"column":3}},"12":{"start":{"line":20,"column":15},"end":{"line":20,"column":38}},"13":{"start":{"line":22,"column":4},"end":{"line":25,"column":5}},"14":{"start":{"line":23,"column":7},"end":{"line":23,"column":55}},"15":{"start":{"line":24,"column":6},"end":{"line":24,"column":13}},"16":{"start":{"line":27,"column":20},"end":{"line":27,"column":59}},"17":{"start":{"line":29,"column":4},"end":{"line":32,"column":5}},"18":{"start":{"line":30,"column":6},"end":{"line":30,"column":61}},"19":{"start":{"line":31,"column":6},"end":{"line":31,"column":13}},"20":{"start":{"line":34,"column":4},"end":{"line":34,"column":44}},"21":{"start":{"line":36,"column":4},"end":{"line":36,"column":11}},"22":{"start":{"line":38,"column":5},"end":{"line":38,"column":null}},"23":{"start":{"line":39,"column":4},"end":{"line":39,"column":11}},"24":{"start":{"line":18,"column":13},"end":{"line":18,"column":40}},"25":{"start":{"line":44,"column":39},"end":{"line":59,"column":1}},"26":{"start":{"line":45,"column":2},"end":{"line":58,"column":3}},"27":{"start":{"line":46,"column":20},"end":{"line":46,"column":64}},"28":{"start":{"line":48,"column":4},"end":{"line":51,"column":5}},"29":{"start":{"line":49,"column":6},"end":{"line":49,"column":63}},"30":{"start":{"line":50,"column":6},"end":{"line":50,"column":13}},"31":{"start":{"line":52,"column":4},"end":{"line":52,"column":79}},"32":{"start":{"line":53,"column":4},"end":{"line":53,"column":11}},"33":{"start":{"line":55,"column":4},"end":{"line":55,"column":52}},"34":{"start":{"line":56,"column":5},"end":{"line":56,"column":79}},"35":{"start":{"line":57,"column":4},"end":{"line":57,"column":11}},"36":{"start":{"line":44,"column":13},"end":{"line":44,"column":39}},"37":{"start":{"line":62,"column":39},"end":{"line":79,"column":1}},"38":{"start":{"line":63,"column":2},"end":{"line":78,"column":3}},"39":{"start":{"line":64,"column":15},"end":{"line":64,"column":38}},"40":{"start":{"line":66,"column":4},"end":{"line":69,"column":5}},"41":{"start":{"line":67,"column":6},"end":{"line":67,"column":54}},"42":{"start":{"line":68,"column":6},"end":{"line":68,"column":13}},"43":{"start":{"line":71,"column":20},"end":{"line":71,"column":68}},"44":{"start":{"line":72,"column":4},"end":{"line":72,"column":88}},"45":{"start":{"line":73,"column":4},"end":{"line":73,"column":11}},"46":{"start":{"line":75,"column":4},"end":{"line":75,"column":52}},"47":{"start":{"line":76,"column":4},"end":{"line":76,"column":78}},"48":{"start":{"line":77,"column":4},"end":{"line":77,"column":11}},"49":{"start":{"line":62,"column":13},"end":{"line":62,"column":39}},"50":{"start":{"line":82,"column":39},"end":{"line":99,"column":1}},"51":{"start":{"line":83,"column":2},"end":{"line":98,"column":3}},"52":{"start":{"line":84,"column":15},"end":{"line":84,"column":42}},"53":{"start":{"line":86,"column":4},"end":{"line":89,"column":5}},"54":{"start":{"line":87,"column":6},"end":{"line":87,"column":54}},"55":{"start":{"line":88,"column":6},"end":{"line":88,"column":13}},"56":{"start":{"line":91,"column":4},"end":{"line":91,"column":43}},"57":{"start":{"line":92,"column":4},"end":{"line":92,"column":27}},"58":{"start":{"line":93,"column":4},"end":{"line":93,"column":11}},"59":{"start":{"line":95,"column":4},"end":{"line":95,"column":52}},"60":{"start":{"line":96,"column":4},"end":{"line":96,"column":78}},"61":{"start":{"line":97,"column":4},"end":{"line":97,"column":11}},"62":{"start":{"line":82,"column":13},"end":{"line":82,"column":39}},"63":{"start":{"line":102,"column":41},"end":{"line":124,"column":1}},"64":{"start":{"line":103,"column":2},"end":{"line":123,"column":3}},"65":{"start":{"line":104,"column":15},"end":{"line":104,"column":42}},"66":{"start":{"line":106,"column":4},"end":{"line":109,"column":5}},"67":{"start":{"line":107,"column":6},"end":{"line":107,"column":54}},"68":{"start":{"line":108,"column":6},"end":{"line":108,"column":13}},"69":{"start":{"line":111,"column":21},"end":{"line":111,"column":61}},"70":{"start":{"line":113,"column":4},"end":{"line":116,"column":5}},"71":{"start":{"line":114,"column":6},"end":{"line":114,"column":61}},"72":{"start":{"line":115,"column":6},"end":{"line":115,"column":13}},"73":{"start":{"line":117,"column":4},"end":{"line":117,"column":45}},"74":{"start":{"line":118,"column":4},"end":{"line":118,"column":11}},"75":{"start":{"line":120,"column":4},"end":{"line":120,"column":53}},"76":{"start":{"line":121,"column":4},"end":{"line":121,"column":78}},"77":{"start":{"line":122,"column":4},"end":{"line":122,"column":11}},"78":{"start":{"line":102,"column":13},"end":{"line":102,"column":41}}},"fnMap":{"0":{"name":"(anonymous_9)","decl":{"start":{"line":5,"column":40},"end":{"line":5,"column":45}},"loc":{"start":{"line":5,"column":79},"end":{"line":15,"column":1}}},"1":{"name":"(anonymous_10)","decl":{"start":{"line":18,"column":40},"end":{"line":18,"column":45}},"loc":{"start":{"line":18,"column":78},"end":{"line":41,"column":1}}},"2":{"name":"(anonymous_11)","decl":{"start":{"line":44,"column":39},"end":{"line":44,"column":44}},"loc":{"start":{"line":44,"column":77},"end":{"line":59,"column":1}}},"3":{"name":"(anonymous_12)","decl":{"start":{"line":62,"column":39},"end":{"line":62,"column":44}},"loc":{"start":{"line":62,"column":77},"end":{"line":79,"column":1}}},"4":{"name":"(anonymous_13)","decl":{"start":{"line":82,"column":39},"end":{"line":82,"column":44}},"loc":{"start":{"line":82,"column":77},"end":{"line":99,"column":1}}},"5":{"name":"(anonymous_14)","decl":{"start":{"line":102,"column":41},"end":{"line":102,"column":46}},"loc":{"start":{"line":102,"column":79},"end":{"line":124,"column":1}}}},"branchMap":{"0":{"loc":{"start":{"line":12,"column":34},"end":{"line":12,"column":74}},"type":"binary-expr","locations":[{"start":{"line":12,"column":34},"end":{"line":12,"column":47}},{"start":{"line":12,"column":51},"end":{"line":12,"column":74}}]},"1":{"loc":{"start":{"line":22,"column":4},"end":{"line":25,"column":5}},"type":"if","locations":[{"start":{"line":22,"column":4},"end":{"line":25,"column":5}}]},"2":{"loc":{"start":{"line":29,"column":4},"end":{"line":32,"column":5}},"type":"if","locations":[{"start":{"line":29,"column":4},"end":{"line":32,"column":5}}]},"3":{"loc":{"start":{"line":48,"column":4},"end":{"line":51,"column":5}},"type":"if","locations":[{"start":{"line":48,"column":4},"end":{"line":51,"column":5}}]},"4":{"loc":{"start":{"line":56,"column":35},"end":{"line":56,"column":75}},"type":"binary-expr","locations":[{"start":{"line":56,"column":35},"end":{"line":56,"column":48}},{"start":{"line":56,"column":52},"end":{"line":56,"column":75}}]},"5":{"loc":{"start":{"line":66,"column":4},"end":{"line":69,"column":5}},"type":"if","locations":[{"start":{"line":66,"column":4},"end":{"line":69,"column":5}}]},"6":{"loc":{"start":{"line":76,"column":34},"end":{"line":76,"column":74}},"type":"binary-expr","locations":[{"start":{"line":76,"column":34},"end":{"line":76,"column":47}},{"start":{"line":76,"column":51},"end":{"line":76,"column":74}}]},"7":{"loc":{"start":{"line":86,"column":4},"end":{"line":89,"column":5}},"type":"if","locations":[{"start":{"line":86,"column":4},"end":{"line":89,"column":5}}]},"8":{"loc":{"start":{"line":96,"column":34},"end":{"line":96,"column":74}},"type":"binary-expr","locations":[{"start":{"line":96,"column":34},"end":{"line":96,"column":47}},{"start":{"line":96,"column":51},"end":{"line":96,"column":74}}]},"9":{"loc":{"start":{"line":106,"column":4},"end":{"line":109,"column":5}},"type":"if","locations":[{"start":{"line":106,"column":4},"end":{"line":109,"column":5}}]},"10":{"loc":{"start":{"line":113,"column":4},"end":{"line":116,"column":5}},"type":"if","locations":[{"start":{"line":113,"column":4},"end":{"line":116,"column":5}}]},"11":{"loc":{"start":{"line":113,"column":8},"end":{"line":113,"column":42}},"type":"binary-expr","locations":[{"start":{"line":113,"column":8},"end":{"line":113,"column":17}},{"start":{"line":113,"column":21},"end":{"line":113,"column":42}}]},"12":{"loc":{"start":{"line":121,"column":34},"end":{"line":121,"column":74}},"type":"binary-expr","locations":[{"start":{"line":121,"column":34},"end":{"line":121,"column":47}},{"start":{"line":121,"column":51},"end":{"line":121,"column":74}}]}},"s":{"0":4,"1":4,"2":0,"3":0,"4":0,"5":0,"6":0,"7":0,"8":0,"9":4,"10":4,"11":0,"12":0,"13":0,"14":0,"15":0,"16":0,"17":0,"18":0,"19":0,"20":0,"21":0,"22":0,"23":0,"24":4,"25":4,"26":0,"27":0,"28":0,"29":0,"30":0,"31":0,"32":0,"33":0,"34":0,"35":0,"36":4,"37":4,"38":0,"39":0,"40":0,"41":0,"42":0,"43":0,"44":0,"45":0,"46":0,"47":0,"48":0,"49":4,"50":4,"51":0,"52":0,"53":0,"54":0,"55":0,"56":0,"57":0,"58":0,"59":0,"60":0,"61":0,"62":4,"63":4,"64":0,"65":0,"66":0,"67":0,"68":0,"69":0,"70":0,"71":0,"72":0,"73":0,"74":0,"75":0,"76":0,"77":0,"78":4},"f":{"0":0,"1":0,"2":0,"3":0,"4":0,"5":0},"b":{"0":[0,0],"1":[0],"2":[0],"3":[0],"4":[0,0],"5":[0],"6":[0,0],"7":[0],"8":[0,0],"9":[0],"10":[0],"11":[0,0],"12":[0,0]}}
,"C:\\Users\\Ryan\\Desktop\\Teach2give\\Database\\car-db\\src\\booking\\booking.route.ts": {"path":"C:\\Users\\Ryan\\Desktop\\Teach2give\\Database\\car-db\\src\\booking\\booking.route.ts","statementMap":{"0":{"start":{"line":2,"column":0},"end":{"line":2,"column":null}},"1":{"start":{"line":8,"column":16},"end":{"line":74,"column":1}},"2":{"start":{"line":10,"column":4},"end":{"line":18,"column":null}},"3":{"start":{"line":12,"column":12},"end":{"line":16,"column":13}},"4":{"start":{"line":13,"column":16},"end":{"line":13,"column":null}},"5":{"start":{"line":15,"column":16},"end":{"line":15,"column":null}},"6":{"start":{"line":21,"column":4},"end":{"line":29,"column":null}},"7":{"start":{"line":23,"column":12},"end":{"line":27,"column":13}},"8":{"start":{"line":24,"column":16},"end":{"line":24,"column":null}},"9":{"start":{"line":26,"column":16},"end":{"line":26,"column":null}},"10":{"start":{"line":32,"column":4},"end":{"line":40,"column":null}},"11":{"start":{"line":34,"column":12},"end":{"line":38,"column":13}},"12":{"start":{"line":35,"column":16},"end":{"line":35,"column":null}},"13":{"start":{"line":37,"column":16},"end":{"line":37,"column":null}},"14":{"start":{"line":43,"column":4},"end":{"line":51,"column":null}},"15":{"start":{"line":45,"column":12},"end":{"line":49,"column":13}},"16":{"start":{"line":46,"column":16},"end":{"line":46,"column":null}},"17":{"start":{"line":48,"column":16},"end":{"line":48,"column":null}},"18":{"start":{"line":54,"column":4},"end":{"line":62,"column":null}},"19":{"start":{"line":56,"column":12},"end":{"line":60,"column":13}},"20":{"start":{"line":57,"column":16},"end":{"line":57,"column":null}},"21":{"start":{"line":59,"column":16},"end":{"line":59,"column":null}},"22":{"start":{"line":65,"column":4},"end":{"line":73,"column":null}},"23":{"start":{"line":67,"column":12},"end":{"line":71,"column":13}},"24":{"start":{"line":68,"column":16},"end":{"line":68,"column":null}},"25":{"start":{"line":70,"column":16},"end":{"line":70,"column":null}},"26":{"start":{"line":77,"column":0},"end":{"line":77,"column":23}}},"fnMap":{"0":{"name":"(anonymous_0)","decl":{"start":{"line":8,"column":16},"end":{"line":8,"column":17}},"loc":{"start":{"line":8,"column":33},"end":{"line":74,"column":1}}},"1":{"name":"(anonymous_1)","decl":{"start":{"line":11,"column":8},"end":{"line":11,"column":13}},"loc":{"start":{"line":11,"column":33},"end":{"line":17,"column":9}}},"2":{"name":"(anonymous_2)","decl":{"start":{"line":22,"column":8},"end":{"line":22,"column":13}},"loc":{"start":{"line":22,"column":33},"end":{"line":28,"column":9}}},"3":{"name":"(anonymous_3)","decl":{"start":{"line":33,"column":8},"end":{"line":33,"column":13}},"loc":{"start":{"line":33,"column":33},"end":{"line":39,"column":9}}},"4":{"name":"(anonymous_4)","decl":{"start":{"line":44,"column":8},"end":{"line":44,"column":13}},"loc":{"start":{"line":44,"column":33},"end":{"line":50,"column":9}}},"5":{"name":"(anonymous_5)","decl":{"start":{"line":55,"column":8},"end":{"line":55,"column":13}},"loc":{"start":{"line":55,"column":33},"end":{"line":61,"column":9}}},"6":{"name":"(anonymous_6)","decl":{"start":{"line":66,"column":8},"end":{"line":66,"column":13}},"loc":{"start":{"line":66,"column":33},"end":{"line":72,"column":9}}}},"branchMap":{},"s":{"0":4,"1":4,"2":4,"3":0,"4":0,"5":0,"6":4,"7":0,"8":0,"9":0,"10":4,"11":0,"12":0,"13":0,"14":4,"15":0,"16":0,"17":0,"18":4,"19":0,"20":0,"21":0,"22":4,"23":0,"24":0,"25":0,"26":4},"f":{"0":4,"1":0,"2":0,"3":0,"4":0,"5":0,"6":0},"b":{}}
,"C:\\Users\\Ryan\\Desktop\\Teach2give\\Database\\car-db\\src\\booking\\booking.service.ts": {"path":"C:\\Users\\Ryan\\Desktop\\Teach2give\\Database\\car-db\\src\\booking\\booking.service.ts","statementMap":{"0":{"start":{"line":1,"column":0},"end":{"line":1,"column":31}},"1":{"start":{"line":2,"column":0},"end":{"line":2,"column":50}},"2":{"start":{"line":3,"column":0},"end":{"line":3,"column":33}},"3":{"start":{"line":7,"column":30},"end":{"line":10,"column":1}},"4":{"start":{"line":8,"column":19},"end":{"line":8,"column":58}},"5":{"start":{"line":9,"column":4},"end":{"line":9,"column":20}},"6":{"start":{"line":7,"column":13},"end":{"line":7,"column":30}},"7":{"start":{"line":13,"column":30},"end":{"line":18,"column":1}},"8":{"start":{"line":14,"column":19},"end":{"line":16,"column":4}},"9":{"start":{"line":17,"column":2},"end":{"line":17,"column":null}},"10":{"start":{"line":13,"column":13},"end":{"line":13,"column":30}},"11":{"start":{"line":21,"column":29},"end":{"line":27,"column":1}},"12":{"start":{"line":22,"column":23},"end":{"line":22,"column":81}},"13":{"start":{"line":23,"column":4},"end":{"line":25,"column":5}},"14":{"start":{"line":24,"column":8},"end":{"line":24,"column":null}},"15":{"start":{"line":26,"column":4},"end":{"line":26,"column":null}},"16":{"start":{"line":21,"column":13},"end":{"line":21,"column":29}},"17":{"start":{"line":30,"column":30},"end":{"line":33,"column":1}},"18":{"start":{"line":31,"column":4},"end":{"line":31,"column":null}},"19":{"start":{"line":32,"column":4},"end":{"line":32,"column":42}},"20":{"start":{"line":30,"column":13},"end":{"line":30,"column":30}},"21":{"start":{"line":36,"column":29},"end":{"line":39,"column":1}},"22":{"start":{"line":37,"column":2},"end":{"line":37,"column":null}},"23":{"start":{"line":38,"column":2},"end":{"line":38,"column":40}},"24":{"start":{"line":36,"column":13},"end":{"line":36,"column":29}},"25":{"start":{"line":42,"column":31},"end":{"line":47,"column":1}},"26":{"start":{"line":43,"column":21},"end":{"line":45,"column":6}},"27":{"start":{"line":46,"column":4},"end":{"line":46,"column":20}},"28":{"start":{"line":42,"column":13},"end":{"line":42,"column":31}}},"fnMap":{"0":{"name":"(anonymous_1)","decl":{"start":{"line":7,"column":30},"end":{"line":7,"column":35}},"loc":{"start":{"line":7,"column":41},"end":{"line":10,"column":1}}},"1":{"name":"(anonymous_2)","decl":{"start":{"line":13,"column":30},"end":{"line":13,"column":35}},"loc":{"start":{"line":13,"column":51},"end":{"line":18,"column":1}}},"2":{"name":"(anonymous_3)","decl":{"start":{"line":21,"column":29},"end":{"line":21,"column":34}},"loc":{"start":{"line":21,"column":58},"end":{"line":27,"column":1}}},"3":{"name":"(anonymous_4)","decl":{"start":{"line":30,"column":30},"end":{"line":30,"column":35}},"loc":{"start":{"line":30,"column":71},"end":{"line":33,"column":1}}},"4":{"name":"(anonymous_5)","decl":{"start":{"line":36,"column":29},"end":{"line":36,"column":34}},"loc":{"start":{"line":36,"column":50},"end":{"line":39,"column":1}}},"5":{"name":"(anonymous_6)","decl":{"start":{"line":42,"column":31},"end":{"line":42,"column":36}},"loc":{"start":{"line":42,"column":52},"end":{"line":47,"column":1}}}},"branchMap":{"0":{"loc":{"start":{"line":23,"column":4},"end":{"line":25,"column":5}},"type":"if","locations":[{"start":{"line":23,"column":4},"end":{"line":25,"column":5}}]}},"s":{"0":4,"1":4,"2":4,"3":4,"4":0,"5":0,"6":4,"7":4,"8":0,"9":0,"10":4,"11":4,"12":0,"13":0,"14":0,"15":0,"16":4,"17":4,"18":0,"19":0,"20":4,"21":4,"22":0,"23":0,"24":4,"25":4,"26":0,"27":0,"28":4},"f":{"0":0,"1":0,"2":0,"3":0,"4":0,"5":0},"b":{"0":[0]}}
,"C:\\Users\\Ryan\\Desktop\\Teach2give\\Database\\car-db\\src\\car\\car.controller.ts": {"path":"C:\\Users\\Ryan\\Desktop\\Teach2give\\Database\\car-db\\src\\car\\car.controller.ts","statementMap":{"0":{"start":{"line":2,"column":0},"end":{"line":2,"column":44}},"1":{"start":{"line":5,"column":36},"end":{"line":15,"column":1}},"2":{"start":{"line":6,"column":2},"end":{"line":14,"column":3}},"3":{"start":{"line":7,"column":17},"end":{"line":7,"column":46}},"4":{"start":{"line":8,"column":4},"end":{"line":8,"column":null}},"5":{"start":{"line":9,"column":4},"end":{"line":9,"column":11}},"6":{"start":{"line":11,"column":4},"end":{"line":11,"column":null}},"7":{"start":{"line":12,"column":4},"end":{"line":12,"column":null}},"8":{"start":{"line":13,"column":4},"end":{"line":13,"column":11}},"9":{"start":{"line":5,"column":13},"end":{"line":5,"column":36}},"10":{"start":{"line":18,"column":36},"end":{"line":41,"column":1}},"11":{"start":{"line":19,"column":2},"end":{"line":40,"column":3}},"12":{"start":{"line":20,"column":15},"end":{"line":20,"column":38}},"13":{"start":{"line":22,"column":4},"end":{"line":25,"column":5}},"14":{"start":{"line":23,"column":7},"end":{"line":23,"column":55}},"15":{"start":{"line":24,"column":6},"end":{"line":24,"column":13}},"16":{"start":{"line":27,"column":16},"end":{"line":27,"column":47}},"17":{"start":{"line":29,"column":4},"end":{"line":32,"column":5}},"18":{"start":{"line":30,"column":6},"end":{"line":30,"column":57}},"19":{"start":{"line":31,"column":6},"end":{"line":31,"column":13}},"20":{"start":{"line":34,"column":4},"end":{"line":34,"column":40}},"21":{"start":{"line":36,"column":4},"end":{"line":36,"column":11}},"22":{"start":{"line":38,"column":5},"end":{"line":38,"column":null}},"23":{"start":{"line":39,"column":4},"end":{"line":39,"column":11}},"24":{"start":{"line":18,"column":13},"end":{"line":18,"column":36}},"25":{"start":{"line":44,"column":35},"end":{"line":59,"column":1}},"26":{"start":{"line":45,"column":2},"end":{"line":58,"column":3}},"27":{"start":{"line":46,"column":16},"end":{"line":46,"column":52}},"28":{"start":{"line":48,"column":4},"end":{"line":51,"column":5}},"29":{"start":{"line":49,"column":6},"end":{"line":49,"column":59}},"30":{"start":{"line":50,"column":6},"end":{"line":50,"column":13}},"31":{"start":{"line":52,"column":4},"end":{"line":52,"column":71}},"32":{"start":{"line":53,"column":4},"end":{"line":53,"column":11}},"33":{"start":{"line":55,"column":4},"end":{"line":55,"column":48}},"34":{"start":{"line":56,"column":5},"end":{"line":56,"column":79}},"35":{"start":{"line":57,"column":4},"end":{"line":57,"column":11}},"36":{"start":{"line":44,"column":13},"end":{"line":44,"column":35}},"37":{"start":{"line":62,"column":35},"end":{"line":84,"column":1}},"38":{"start":{"line":63,"column":2},"end":{"line":83,"column":3}},"39":{"start":{"line":64,"column":15},"end":{"line":64,"column":38}},"40":{"start":{"line":66,"column":4},"end":{"line":69,"column":5}},"41":{"start":{"line":67,"column":6},"end":{"line":67,"column":54}},"42":{"start":{"line":68,"column":6},"end":{"line":68,"column":13}},"43":{"start":{"line":71,"column":20},"end":{"line":71,"column":60}},"44":{"start":{"line":73,"column":4},"end":{"line":75,"column":5}},"45":{"start":{"line":74,"column":6},"end":{"line":74,"column":64}},"46":{"start":{"line":77,"column":4},"end":{"line":77,"column":80}},"47":{"start":{"line":78,"column":4},"end":{"line":78,"column":11}},"48":{"start":{"line":80,"column":4},"end":{"line":80,"column":48}},"49":{"start":{"line":81,"column":4},"end":{"line":81,"column":78}},"50":{"start":{"line":82,"column":4},"end":{"line":82,"column":11}},"51":{"start":{"line":62,"column":13},"end":{"line":62,"column":35}},"52":{"start":{"line":87,"column":35},"end":{"line":104,"column":1}},"53":{"start":{"line":88,"column":2},"end":{"line":103,"column":3}},"54":{"start":{"line":89,"column":15},"end":{"line":89,"column":42}},"55":{"start":{"line":91,"column":4},"end":{"line":94,"column":5}},"56":{"start":{"line":92,"column":6},"end":{"line":92,"column":54}},"57":{"start":{"line":93,"column":6},"end":{"line":93,"column":13}},"58":{"start":{"line":96,"column":4},"end":{"line":96,"column":35}},"59":{"start":{"line":97,"column":4},"end":{"line":97,"column":27}},"60":{"start":{"line":98,"column":4},"end":{"line":98,"column":11}},"61":{"start":{"line":100,"column":4},"end":{"line":100,"column":48}},"62":{"start":{"line":101,"column":4},"end":{"line":101,"column":78}},"63":{"start":{"line":102,"column":4},"end":{"line":102,"column":11}},"64":{"start":{"line":87,"column":13},"end":{"line":87,"column":35}},"65":{"start":{"line":107,"column":37},"end":{"line":129,"column":1}},"66":{"start":{"line":108,"column":2},"end":{"line":128,"column":3}},"67":{"start":{"line":109,"column":15},"end":{"line":109,"column":42}},"68":{"start":{"line":111,"column":4},"end":{"line":114,"column":5}},"69":{"start":{"line":112,"column":6},"end":{"line":112,"column":54}},"70":{"start":{"line":113,"column":6},"end":{"line":113,"column":13}},"71":{"start":{"line":116,"column":17},"end":{"line":116,"column":49}},"72":{"start":{"line":118,"column":4},"end":{"line":121,"column":5}},"73":{"start":{"line":119,"column":6},"end":{"line":119,"column":57}},"74":{"start":{"line":120,"column":6},"end":{"line":120,"column":13}},"75":{"start":{"line":122,"column":4},"end":{"line":122,"column":41}},"76":{"start":{"line":123,"column":4},"end":{"line":123,"column":11}},"77":{"start":{"line":125,"column":4},"end":{"line":125,"column":49}},"78":{"start":{"line":126,"column":4},"end":{"line":126,"column":78}},"79":{"start":{"line":127,"column":4},"end":{"line":127,"column":11}},"80":{"start":{"line":107,"column":13},"end":{"line":107,"column":37}}},"fnMap":{"0":{"name":"(anonymous_9)","decl":{"start":{"line":5,"column":36},"end":{"line":5,"column":41}},"loc":{"start":{"line":5,"column":75},"end":{"line":15,"column":1}}},"1":{"name":"(anonymous_10)","decl":{"start":{"line":18,"column":36},"end":{"line":18,"column":41}},"loc":{"start":{"line":18,"column":74},"end":{"line":41,"column":1}}},"2":{"name":"(anonymous_11)","decl":{"start":{"line":44,"column":35},"end":{"line":44,"column":40}},"loc":{"start":{"line":44,"column":73},"end":{"line":59,"column":1}}},"3":{"name":"(anonymous_12)","decl":{"start":{"line":62,"column":35},"end":{"line":62,"column":40}},"loc":{"start":{"line":62,"column":73},"end":{"line":84,"column":1}}},"4":{"name":"(anonymous_13)","decl":{"start":{"line":87,"column":35},"end":{"line":87,"column":40}},"loc":{"start":{"line":87,"column":73},"end":{"line":104,"column":1}}},"5":{"name":"(anonymous_14)","decl":{"start":{"line":107,"column":37},"end":{"line":107,"column":42}},"loc":{"start":{"line":107,"column":75},"end":{"line":129,"column":1}}}},"branchMap":{"0":{"loc":{"start":{"line":12,"column":34},"end":{"line":12,"column":74}},"type":"binary-expr","locations":[{"start":{"line":12,"column":34},"end":{"line":12,"column":47}},{"start":{"line":12,"column":51},"end":{"line":12,"column":74}}]},"1":{"loc":{"start":{"line":22,"column":4},"end":{"line":25,"column":5}},"type":"if","locations":[{"start":{"line":22,"column":4},"end":{"line":25,"column":5}}]},"2":{"loc":{"start":{"line":29,"column":4},"end":{"line":32,"column":5}},"type":"if","locations":[{"start":{"line":29,"column":4},"end":{"line":32,"column":5}}]},"3":{"loc":{"start":{"line":48,"column":4},"end":{"line":51,"column":5}},"type":"if","locations":[{"start":{"line":48,"column":4},"end":{"line":51,"column":5}}]},"4":{"loc":{"start":{"line":56,"column":35},"end":{"line":56,"column":75}},"type":"binary-expr","locations":[{"start":{"line":56,"column":35},"end":{"line":56,"column":48}},{"start":{"line":56,"column":52},"end":{"line":56,"column":75}}]},"5":{"loc":{"start":{"line":66,"column":4},"end":{"line":69,"column":5}},"type":"if","locations":[{"start":{"line":66,"column":4},"end":{"line":69,"column":5}}]},"6":{"loc":{"start":{"line":73,"column":4},"end":{"line":75,"column":5}},"type":"if","locations":[{"start":{"line":73,"column":4},"end":{"line":75,"column":5}}]},"7":{"loc":{"start":{"line":81,"column":34},"end":{"line":81,"column":74}},"type":"binary-expr","locations":[{"start":{"line":81,"column":34},"end":{"line":81,"column":47}},{"start":{"line":81,"column":51},"end":{"line":81,"column":74}}]},"8":{"loc":{"start":{"line":91,"column":4},"end":{"line":94,"column":5}},"type":"if","locations":[{"start":{"line":91,"column":4},"end":{"line":94,"column":5}}]},"9":{"loc":{"start":{"line":101,"column":34},"end":{"line":101,"column":74}},"type":"binary-expr","locations":[{"start":{"line":101,"column":34},"end":{"line":101,"column":47}},{"start":{"line":101,"column":51},"end":{"line":101,"column":74}}]},"10":{"loc":{"start":{"line":111,"column":4},"end":{"line":114,"column":5}},"type":"if","locations":[{"start":{"line":111,"column":4},"end":{"line":114,"column":5}}]},"11":{"loc":{"start":{"line":118,"column":4},"end":{"line":121,"column":5}},"type":"if","locations":[{"start":{"line":118,"column":4},"end":{"line":121,"column":5}}]},"12":{"loc":{"start":{"line":118,"column":8},"end":{"line":118,"column":34}},"type":"binary-expr","locations":[{"start":{"line":118,"column":8},"end":{"line":118,"column":13}},{"start":{"line":118,"column":17},"end":{"line":118,"column":34}}]},"13":{"loc":{"start":{"line":126,"column":34},"end":{"line":126,"column":74}},"type":"binary-expr","locations":[{"start":{"line":126,"column":34},"end":{"line":126,"column":47}},{"start":{"line":126,"column":51},"end":{"line":126,"column":74}}]}},"s":{"0":4,"1":4,"2":1,"3":1,"4":1,"5":1,"6":0,"7":0,"8":0,"9":4,"10":4,"11":3,"12":3,"13":3,"14":1,"15":1,"16":2,"17":2,"18":1,"19":1,"20":1,"21":1,"22":0,"23":0,"24":4,"25":4,"26":2,"27":2,"28":1,"29":0,"30":0,"31":1,"32":1,"33":1,"34":1,"35":1,"36":4,"37":4,"38":3,"39":3,"40":3,"41":1,"42":1,"43":2,"44":2,"45":1,"46":1,"47":1,"48":0,"49":0,"50":0,"51":4,"52":4,"53":4,"54":4,"55":4,"56":1,"57":1,"58":3,"59":3,"60":3,"61":0,"62":0,"63":0,"64":4,"65":4,"66":0,"67":0,"68":0,"69":0,"70":0,"71":0,"72":0,"73":0,"74":0,"75":0,"76":0,"77":0,"78":0,"79":0,"80":4},"f":{"0":1,"1":3,"2":2,"3":3,"4":4,"5":0},"b":{"0":[0,0],"1":[1],"2":[1],"3":[0],"4":[1,0],"5":[1],"6":[1],"7":[0,0],"8":[1],"9":[0,0],"10":[0],"11":[0],"12":[0,0],"13":[0,0]}}
,"C:\\Users\\Ryan\\Desktop\\Teach2give\\Database\\car-db\\src\\car\\car.route.ts": {"path":"C:\\Users\\Ryan\\Desktop\\Teach2give\\Database\\car-db\\src\\car\\car.route.ts","statementMap":{"0":{"start":{"line":2,"column":0},"end":{"line":2,"column":null}},"1":{"start":{"line":7,"column":12},"end":{"line":73,"column":1}},"2":{"start":{"line":9,"column":4},"end":{"line":17,"column":null}},"3":{"start":{"line":11,"column":12},"end":{"line":15,"column":13}},"4":{"start":{"line":12,"column":16},"end":{"line":12,"column":null}},"5":{"start":{"line":14,"column":16},"end":{"line":14,"column":null}},"6":{"start":{"line":20,"column":4},"end":{"line":28,"column":null}},"7":{"start":{"line":22,"column":12},"end":{"line":26,"column":13}},"8":{"start":{"line":23,"column":16},"end":{"line":23,"column":null}},"9":{"start":{"line":25,"column":16},"end":{"line":25,"column":null}},"10":{"start":{"line":31,"column":4},"end":{"line":39,"column":null}},"11":{"start":{"line":33,"column":12},"end":{"line":37,"column":13}},"12":{"start":{"line":34,"column":16},"end":{"line":34,"column":null}},"13":{"start":{"line":36,"column":16},"end":{"line":36,"column":null}},"14":{"start":{"line":42,"column":4},"end":{"line":50,"column":null}},"15":{"start":{"line":44,"column":12},"end":{"line":48,"column":13}},"16":{"start":{"line":45,"column":16},"end":{"line":45,"column":null}},"17":{"start":{"line":47,"column":16},"end":{"line":47,"column":null}},"18":{"start":{"line":53,"column":4},"end":{"line":61,"column":null}},"19":{"start":{"line":55,"column":12},"end":{"line":59,"column":13}},"20":{"start":{"line":56,"column":16},"end":{"line":56,"column":null}},"21":{"start":{"line":58,"column":16},"end":{"line":58,"column":null}},"22":{"start":{"line":64,"column":4},"end":{"line":72,"column":null}},"23":{"start":{"line":66,"column":12},"end":{"line":70,"column":13}},"24":{"start":{"line":67,"column":16},"end":{"line":67,"column":null}},"25":{"start":{"line":69,"column":16},"end":{"line":69,"column":null}},"26":{"start":{"line":76,"column":0},"end":{"line":76,"column":19}}},"fnMap":{"0":{"name":"(anonymous_0)","decl":{"start":{"line":7,"column":12},"end":{"line":7,"column":13}},"loc":{"start":{"line":7,"column":29},"end":{"line":73,"column":1}}},"1":{"name":"(anonymous_1)","decl":{"start":{"line":10,"column":8},"end":{"line":10,"column":13}},"loc":{"start":{"line":10,"column":33},"end":{"line":16,"column":9}}},"2":{"name":"(anonymous_2)","decl":{"start":{"line":21,"column":8},"end":{"line":21,"column":13}},"loc":{"start":{"line":21,"column":33},"end":{"line":27,"column":9}}},"3":{"name":"(anonymous_3)","decl":{"start":{"line":32,"column":8},"end":{"line":32,"column":13}},"loc":{"start":{"line":32,"column":33},"end":{"line":38,"column":9}}},"4":{"name":"(anonymous_4)","decl":{"start":{"line":43,"column":8},"end":{"line":43,"column":13}},"loc":{"start":{"line":43,"column":33},"end":{"line":49,"column":9}}},"5":{"name":"(anonymous_5)","decl":{"start":{"line":54,"column":8},"end":{"line":54,"column":13}},"loc":{"start":{"line":54,"column":33},"end":{"line":60,"column":9}}},"6":{"name":"(anonymous_6)","decl":{"start":{"line":65,"column":8},"end":{"line":65,"column":13}},"loc":{"start":{"line":65,"column":33},"end":{"line":71,"column":9}}}},"branchMap":{},"s":{"0":4,"1":4,"2":4,"3":2,"4":2,"5":0,"6":4,"7":1,"8":1,"9":0,"10":4,"11":3,"12":3,"13":0,"14":4,"15":3,"16":3,"17":0,"18":4,"19":4,"20":4,"21":0,"22":4,"23":0,"24":0,"25":0,"26":4},"f":{"0":4,"1":2,"2":1,"3":3,"4":3,"5":4,"6":0},"b":{}}
,"C:\\Users\\Ryan\\Desktop\\Teach2give\\Database\\car-db\\src\\car\\car.service.ts": {"path":"C:\\Users\\Ryan\\Desktop\\Teach2give\\Database\\car-db\\src\\car\\car.service.ts","statementMap":{"0":{"start":{"line":1,"column":0},"end":{"line":1,"column":31}},"1":{"start":{"line":2,"column":0},"end":{"line":2,"column":45}},"2":{"start":{"line":3,"column":0},"end":{"line":3,"column":33}},"3":{"start":{"line":7,"column":26},"end":{"line":10,"column":1}},"4":{"start":{"line":8,"column":15},"end":{"line":8,"column":49}},"5":{"start":{"line":9,"column":4},"end":{"line":9,"column":16}},"6":{"start":{"line":7,"column":13},"end":{"line":7,"column":26}},"7":{"start":{"line":13,"column":26},"end":{"line":18,"column":1}},"8":{"start":{"line":14,"column":14},"end":{"line":16,"column":4}},"9":{"start":{"line":17,"column":2},"end":{"line":17,"column":null}},"10":{"start":{"line":13,"column":13},"end":{"line":13,"column":26}},"11":{"start":{"line":21,"column":25},"end":{"line":27,"column":1}},"12":{"start":{"line":22,"column":23},"end":{"line":22,"column":72}},"13":{"start":{"line":23,"column":4},"end":{"line":25,"column":5}},"14":{"start":{"line":24,"column":8},"end":{"line":24,"column":null}},"15":{"start":{"line":26,"column":4},"end":{"line":26,"column":null}},"16":{"start":{"line":21,"column":13},"end":{"line":21,"column":25}},"17":{"start":{"line":30,"column":25},"end":{"line":42,"column":1}},"18":{"start":{"line":31,"column":18},"end":{"line":35,"column":16}},"19":{"start":{"line":37,"column":2},"end":{"line":39,"column":3}},"20":{"start":{"line":38,"column":4},"end":{"line":38,"column":16}},"21":{"start":{"line":41,"column":2},"end":{"line":41,"column":20}},"22":{"start":{"line":30,"column":13},"end":{"line":30,"column":25}},"23":{"start":{"line":46,"column":25},"end":{"line":49,"column":1}},"24":{"start":{"line":47,"column":2},"end":{"line":47,"column":null}},"25":{"start":{"line":48,"column":2},"end":{"line":48,"column":36}},"26":{"start":{"line":46,"column":13},"end":{"line":46,"column":25}},"27":{"start":{"line":52,"column":27},"end":{"line":57,"column":1}},"28":{"start":{"line":53,"column":17},"end":{"line":55,"column":6}},"29":{"start":{"line":56,"column":4},"end":{"line":56,"column":16}},"30":{"start":{"line":52,"column":13},"end":{"line":52,"column":27}}},"fnMap":{"0":{"name":"(anonymous_1)","decl":{"start":{"line":7,"column":26},"end":{"line":7,"column":31}},"loc":{"start":{"line":7,"column":37},"end":{"line":10,"column":1}}},"1":{"name":"(anonymous_2)","decl":{"start":{"line":13,"column":26},"end":{"line":13,"column":31}},"loc":{"start":{"line":13,"column":47},"end":{"line":18,"column":1}}},"2":{"name":"(anonymous_3)","decl":{"start":{"line":21,"column":25},"end":{"line":21,"column":30}},"loc":{"start":{"line":21,"column":46},"end":{"line":27,"column":1}}},"3":{"name":"(anonymous_4)","decl":{"start":{"line":30,"column":25},"end":{"line":30,"column":30}},"loc":{"start":{"line":30,"column":58},"end":{"line":42,"column":1}}},"4":{"name":"(anonymous_5)","decl":{"start":{"line":46,"column":25},"end":{"line":46,"column":30}},"loc":{"start":{"line":46,"column":46},"end":{"line":49,"column":1}}},"5":{"name":"(anonymous_6)","decl":{"start":{"line":52,"column":27},"end":{"line":52,"column":32}},"loc":{"start":{"line":52,"column":48},"end":{"line":57,"column":1}}}},"branchMap":{"0":{"loc":{"start":{"line":23,"column":4},"end":{"line":25,"column":5}},"type":"if","locations":[{"start":{"line":23,"column":4},"end":{"line":25,"column":5}}]},"1":{"loc":{"start":{"line":37,"column":2},"end":{"line":39,"column":3}},"type":"if","locations":[{"start":{"line":37,"column":2},"end":{"line":39,"column":3}}]},"2":{"loc":{"start":{"line":37,"column":6},"end":{"line":37,"column":38}},"type":"binary-expr","locations":[{"start":{"line":37,"column":6},"end":{"line":37,"column":14}},{"start":{"line":37,"column":18},"end":{"line":37,"column":38}}]}},"s":{"0":4,"1":4,"2":4,"3":4,"4":1,"5":1,"6":4,"7":4,"8":2,"9":2,"10":4,"11":4,"12":2,"13":1,"14":1,"15":0,"16":4,"17":4,"18":2,"19":2,"20":1,"21":1,"22":4,"23":4,"24":3,"25":3,"26":4,"27":4,"28":0,"29":0,"30":4},"f":{"0":1,"1":2,"2":2,"3":2,"4":3,"5":0},"b":{"0":[1],"1":[1],"2":[2,2]}}
,"C:\\Users\\Ryan\\Desktop\\Teach2give\\Database\\car-db\\src\\customer\\customer.controller.ts": {"path":"C:\\Users\\Ryan\\Desktop\\Teach2give\\Database\\car-db\\src\\customer\\customer.controller.ts","statementMap":{"0":{"start":{"line":2,"column":0},"end":{"line":2,"column":54}},"1":{"start":{"line":3,"column":0},"end":{"line":3,"column":30}},"2":{"start":{"line":4,"column":0},"end":{"line":4,"column":22}},"3":{"start":{"line":5,"column":0},"end":{"line":5,"column":31}},"4":{"start":{"line":6,"column":0},"end":{"line":6,"column":45}},"5":{"start":{"line":9,"column":41},"end":{"line":19,"column":1}},"6":{"start":{"line":10,"column":2},"end":{"line":18,"column":3}},"7":{"start":{"line":11,"column":22},"end":{"line":11,"column":61}},"8":{"start":{"line":12,"column":4},"end":{"line":12,"column":null}},"9":{"start":{"line":13,"column":4},"end":{"line":13,"column":11}},"10":{"start":{"line":15,"column":4},"end":{"line":15,"column":null}},"11":{"start":{"line":16,"column":4},"end":{"line":16,"column":null}},"12":{"start":{"line":17,"column":4},"end":{"line":17,"column":11}},"13":{"start":{"line":9,"column":13},"end":{"line":9,"column":41}},"14":{"start":{"line":22,"column":41},"end":{"line":45,"column":1}},"15":{"start":{"line":23,"column":2},"end":{"line":44,"column":3}},"16":{"start":{"line":24,"column":15},"end":{"line":24,"column":38}},"17":{"start":{"line":26,"column":4},"end":{"line":29,"column":5}},"18":{"start":{"line":27,"column":7},"end":{"line":27,"column":55}},"19":{"start":{"line":28,"column":6},"end":{"line":28,"column":13}},"20":{"start":{"line":31,"column":21},"end":{"line":31,"column":62}},"21":{"start":{"line":33,"column":4},"end":{"line":36,"column":5}},"22":{"start":{"line":34,"column":6},"end":{"line":34,"column":62}},"23":{"start":{"line":35,"column":6},"end":{"line":35,"column":13}},"24":{"start":{"line":38,"column":4},"end":{"line":38,"column":45}},"25":{"start":{"line":40,"column":4},"end":{"line":40,"column":11}},"26":{"start":{"line":42,"column":5},"end":{"line":42,"column":null}},"27":{"start":{"line":43,"column":4},"end":{"line":43,"column":11}},"28":{"start":{"line":22,"column":13},"end":{"line":22,"column":41}},"29":{"start":{"line":48,"column":40},"end":{"line":88,"column":1}},"30":{"start":{"line":49,"column":2},"end":{"line":87,"column":3}},"31":{"start":{"line":51,"column":21},"end":{"line":51,"column":29}},"32":{"start":{"line":52,"column":21},"end":{"line":52,"column":38}},"33":{"start":{"line":53,"column":27},"end":{"line":53,"column":62}},"34":{"start":{"line":54,"column":4},"end":{"line":54,"column":null}},"35":{"start":{"line":57,"column":29},"end":{"line":57,"column":83}},"36":{"start":{"line":58,"column":4},"end":{"line":58,"column":49}},"37":{"start":{"line":59,"column":4},"end":{"line":59,"column":32}},"38":{"start":{"line":61,"column":27},"end":{"line":61,"column":73}},"39":{"start":{"line":63,"column":4},"end":{"line":66,"column":5}},"40":{"start":{"line":64,"column":6},"end":{"line":64,"column":64}},"41":{"start":{"line":65,"column":6},"end":{"line":65,"column":13}},"42":{"start":{"line":67,"column":4},"end":{"line":80,"column":5}},"43":{"start":{"line":68,"column":7},"end":{"line":77,"column":14}},"44":{"start":{"line":79,"column":6},"end":{"line":79,"column":70}},"45":{"start":{"line":81,"column":4},"end":{"line":81,"column":88}},"46":{"start":{"line":82,"column":4},"end":{"line":82,"column":11}},"47":{"start":{"line":84,"column":4},"end":{"line":84,"column":53}},"48":{"start":{"line":85,"column":5},"end":{"line":85,"column":79}},"49":{"start":{"line":86,"column":4},"end":{"line":86,"column":11}},"50":{"start":{"line":48,"column":13},"end":{"line":48,"column":40}},"51":{"start":{"line":91,"column":40},"end":{"line":129,"column":1}},"52":{"start":{"line":92,"column":27},"end":{"line":92,"column":35}},"53":{"start":{"line":93,"column":3},"end":{"line":128,"column":4}},"54":{"start":{"line":94,"column":22},"end":{"line":94,"column":76}},"55":{"start":{"line":95,"column":5},"end":{"line":98,"column":9}},"56":{"start":{"line":96,"column":10},"end":{"line":96,"column":66}},"57":{"start":{"line":97,"column":10},"end":{"line":97,"column":17}},"58":{"start":{"line":100,"column":8},"end":{"line":123,"column":9}},"59":{"start":{"line":101,"column":12},"end":{"line":101,"column":63}},"60":{"start":{"line":104,"column":10},"end":{"line":117,"column":11}},"61":{"start":{"line":105,"column":13},"end":{"line":114,"column":null}},"62":{"start":{"line":116,"column":13},"end":{"line":116,"column":80}},"63":{"start":{"line":118,"column":10},"end":{"line":118,"column":null}},"64":{"start":{"line":119,"column":10},"end":{"line":119,"column":17}},"65":{"start":{"line":121,"column":10},"end":{"line":121,"column":null}},"66":{"start":{"line":122,"column":10},"end":{"line":122,"column":17}},"67":{"start":{"line":126,"column":6},"end":{"line":126,"column":null}},"68":{"start":{"line":127,"column":6},"end":{"line":127,"column":13}},"69":{"start":{"line":91,"column":13},"end":{"line":91,"column":40}},"70":{"start":{"line":134,"column":40},"end":{"line":151,"column":1}},"71":{"start":{"line":135,"column":2},"end":{"line":150,"column":3}},"72":{"start":{"line":136,"column":15},"end":{"line":136,"column":38}},"73":{"start":{"line":138,"column":4},"end":{"line":141,"column":5}},"74":{"start":{"line":139,"column":6},"end":{"line":139,"column":54}},"75":{"start":{"line":140,"column":6},"end":{"line":140,"column":13}},"76":{"start":{"line":143,"column":20},"end":{"line":143,"column":70}},"77":{"start":{"line":144,"column":4},"end":{"line":144,"column":90}},"78":{"start":{"line":145,"column":4},"end":{"line":145,"column":11}},"79":{"start":{"line":147,"column":4},"end":{"line":147,"column":53}},"80":{"start":{"line":148,"column":4},"end":{"line":148,"column":78}},"81":{"start":{"line":149,"column":4},"end":{"line":149,"column":11}},"82":{"start":{"line":134,"column":13},"end":{"line":134,"column":40}},"83":{"start":{"line":154,"column":40},"end":{"line":171,"column":1}},"84":{"start":{"line":155,"column":2},"end":{"line":170,"column":3}},"85":{"start":{"line":156,"column":15},"end":{"line":156,"column":42}},"86":{"start":{"line":158,"column":4},"end":{"line":161,"column":5}},"87":{"start":{"line":159,"column":6},"end":{"line":159,"column":54}},"88":{"start":{"line":160,"column":6},"end":{"line":160,"column":13}},"89":{"start":{"line":163,"column":4},"end":{"line":163,"column":45}},"90":{"start":{"line":164,"column":4},"end":{"line":164,"column":27}},"91":{"start":{"line":165,"column":4},"end":{"line":165,"column":11}},"92":{"start":{"line":167,"column":4},"end":{"line":167,"column":53}},"93":{"start":{"line":168,"column":4},"end":{"line":168,"column":78}},"94":{"start":{"line":169,"column":4},"end":{"line":169,"column":11}},"95":{"start":{"line":154,"column":13},"end":{"line":154,"column":40}},"96":{"start":{"line":174,"column":53},"end":{"line":188,"column":1}},"97":{"start":{"line":175,"column":2},"end":{"line":187,"column":3}},"98":{"start":{"line":176,"column":19},"end":{"line":176,"column":50}},"99":{"start":{"line":178,"column":4},"end":{"line":181,"column":5}},"100":{"start":{"line":179,"column":6},"end":{"line":179,"column":54}},"101":{"start":{"line":180,"column":6},"end":{"line":180,"column":13}},"102":{"start":{"line":182,"column":19},"end":{"line":182,"column":86}},"103":{"start":{"line":183,"column":4},"end":{"line":183,"column":33}},"104":{"start":{"line":185,"column":4},"end":{"line":185,"column":71}},"105":{"start":{"line":186,"column":4},"end":{"line":186,"column":61}},"106":{"start":{"line":174,"column":13},"end":{"line":174,"column":53}},"107":{"start":{"line":191,"column":42},"end":{"line":213,"column":1}},"108":{"start":{"line":192,"column":2},"end":{"line":212,"column":3}},"109":{"start":{"line":193,"column":15},"end":{"line":193,"column":42}},"110":{"start":{"line":195,"column":4},"end":{"line":198,"column":5}},"111":{"start":{"line":196,"column":6},"end":{"line":196,"column":54}},"112":{"start":{"line":197,"column":6},"end":{"line":197,"column":13}},"113":{"start":{"line":200,"column":22},"end":{"line":200,"column":64}},"114":{"start":{"line":202,"column":4},"end":{"line":205,"column":5}},"115":{"start":{"line":203,"column":6},"end":{"line":203,"column":62}},"116":{"start":{"line":204,"column":6},"end":{"line":204,"column":13}},"117":{"start":{"line":206,"column":4},"end":{"line":206,"column":46}},"118":{"start":{"line":207,"column":4},"end":{"line":207,"column":11}},"119":{"start":{"line":209,"column":4},"end":{"line":209,"column":54}},"120":{"start":{"line":210,"column":4},"end":{"line":210,"column":78}},"121":{"start":{"line":211,"column":4},"end":{"line":211,"column":11}},"122":{"start":{"line":191,"column":13},"end":{"line":191,"column":42}},"123":{"start":{"line":216,"column":39},"end":{"line":268,"column":1}},"124":{"start":{"line":218,"column":2},"end":{"line":267,"column":3}},"125":{"start":{"line":219,"column":24},"end":{"line":219,"column":32}},"126":{"start":{"line":222,"column":30},"end":{"line":222,"column":82}},"127":{"start":{"line":223,"column":8},"end":{"line":225,"column":9}},"128":{"start":{"line":224,"column":12},"end":{"line":224,"column":75}},"129":{"start":{"line":228,"column":30},"end":{"line":228,"column":97}},"130":{"start":{"line":229,"column":8},"end":{"line":231,"column":9}},"131":{"start":{"line":230,"column":12},"end":{"line":230,"column":76}},"132":{"start":{"line":234,"column":24},"end":{"line":241,"column":null}},"133":{"start":{"line":244,"column":23},"end":{"line":244,"column":55}},"134":{"start":{"line":245,"column":8},"end":{"line":247,"column":9}},"135":{"start":{"line":246,"column":12},"end":{"line":246,"column":86}},"136":{"start":{"line":248,"column":22},"end":{"line":248,"column":47}},"137":{"start":{"line":251,"column":8},"end":{"line":263,"column":null}},"138":{"start":{"line":265,"column":8},"end":{"line":265,"column":62}},"139":{"start":{"line":216,"column":13},"end":{"line":216,"column":39}},"140":{"start":{"line":271,"column":49},"end":{"line":279,"column":1}},"141":{"start":{"line":272,"column":2},"end":{"line":278,"column":3}},"142":{"start":{"line":273,"column":19},"end":{"line":273,"column":67}},"143":{"start":{"line":274,"column":4},"end":{"line":274,"column":33}},"144":{"start":{"line":276,"column":4},"end":{"line":276,"column":68}},"145":{"start":{"line":277,"column":4},"end":{"line":277,"column":61}},"146":{"start":{"line":271,"column":13},"end":{"line":271,"column":49}}},"fnMap":{"0":{"name":"(anonymous_10)","decl":{"start":{"line":9,"column":41},"end":{"line":9,"column":46}},"loc":{"start":{"line":9,"column":80},"end":{"line":19,"column":1}}},"1":{"name":"(anonymous_11)","decl":{"start":{"line":22,"column":41},"end":{"line":22,"column":46}},"loc":{"start":{"line":22,"column":79},"end":{"line":45,"column":1}}},"2":{"name":"(anonymous_12)","decl":{"start":{"line":48,"column":40},"end":{"line":48,"column":45}},"loc":{"start":{"line":48,"column":78},"end":{"line":88,"column":1}}},"3":{"name":"(anonymous_13)","decl":{"start":{"line":91,"column":40},"end":{"line":91,"column":45}},"loc":{"start":{"line":91,"column":78},"end":{"line":129,"column":1}}},"4":{"name":"(anonymous_14)","decl":{"start":{"line":134,"column":40},"end":{"line":134,"column":45}},"loc":{"start":{"line":134,"column":78},"end":{"line":151,"column":1}}},"5":{"name":"(anonymous_15)","decl":{"start":{"line":154,"column":40},"end":{"line":154,"column":45}},"loc":{"start":{"line":154,"column":78},"end":{"line":171,"column":1}}},"6":{"name":"(anonymous_16)","decl":{"start":{"line":174,"column":53},"end":{"line":174,"column":58}},"loc":{"start":{"line":174,"column":91},"end":{"line":188,"column":1}}},"7":{"name":"(anonymous_17)","decl":{"start":{"line":191,"column":42},"end":{"line":191,"column":47}},"loc":{"start":{"line":191,"column":80},"end":{"line":213,"column":1}}},"8":{"name":"(anonymous_18)","decl":{"start":{"line":216,"column":39},"end":{"line":216,"column":44}},"loc":{"start":{"line":216,"column":77},"end":{"line":268,"column":1}}},"9":{"name":"(anonymous_19)","decl":{"start":{"line":271,"column":49},"end":{"line":271,"column":54}},"loc":{"start":{"line":271,"column":87},"end":{"line":279,"column":1}}}},"branchMap":{"0":{"loc":{"start":{"line":16,"column":34},"end":{"line":16,"column":74}},"type":"binary-expr","locations":[{"start":{"line":16,"column":34},"end":{"line":16,"column":47}},{"start":{"line":16,"column":51},"end":{"line":16,"column":74}}]},"1":{"loc":{"start":{"line":26,"column":4},"end":{"line":29,"column":5}},"type":"if","locations":[{"start":{"line":26,"column":4},"end":{"line":29,"column":5}}]},"2":{"loc":{"start":{"line":33,"column":4},"end":{"line":36,"column":5}},"type":"if","locations":[{"start":{"line":33,"column":4},"end":{"line":36,"column":5}}]},"3":{"loc":{"start":{"line":63,"column":4},"end":{"line":66,"column":5}},"type":"if","locations":[{"start":{"line":63,"column":4},"end":{"line":66,"column":5}}]},"4":{"loc":{"start":{"line":85,"column":35},"end":{"line":85,"column":75}},"type":"binary-expr","locations":[{"start":{"line":85,"column":35},"end":{"line":85,"column":48}},{"start":{"line":85,"column":52},"end":{"line":85,"column":75}}]},"5":{"loc":{"start":{"line":95,"column":5},"end":{"line":98,"column":9}},"type":"if","locations":[{"start":{"line":95,"column":5},"end":{"line":98,"column":9}}]},"6":{"loc":{"start":{"line":100,"column":8},"end":{"line":123,"column":9}},"type":"if","locations":[{"start":{"line":100,"column":8},"end":{"line":123,"column":9}},{"start":{"line":120,"column":13},"end":{"line":123,"column":9}}]},"7":{"loc":{"start":{"line":138,"column":4},"end":{"line":141,"column":5}},"type":"if","locations":[{"start":{"line":138,"column":4},"end":{"line":141,"column":5}}]},"8":{"loc":{"start":{"line":148,"column":34},"end":{"line":148,"column":74}},"type":"binary-expr","locations":[{"start":{"line":148,"column":34},"end":{"line":148,"column":47}},{"start":{"line":148,"column":51},"end":{"line":148,"column":74}}]},"9":{"loc":{"start":{"line":158,"column":4},"end":{"line":161,"column":5}},"type":"if","locations":[{"start":{"line":158,"column":4},"end":{"line":161,"column":5}}]},"10":{"loc":{"start":{"line":168,"column":34},"end":{"line":168,"column":74}},"type":"binary-expr","locations":[{"start":{"line":168,"column":34},"end":{"line":168,"column":47}},{"start":{"line":168,"column":51},"end":{"line":168,"column":74}}]},"11":{"loc":{"start":{"line":178,"column":4},"end":{"line":181,"column":5}},"type":"if","locations":[{"start":{"line":178,"column":4},"end":{"line":181,"column":5}}]},"12":{"loc":{"start":{"line":195,"column":4},"end":{"line":198,"column":5}},"type":"if","locations":[{"start":{"line":195,"column":4},"end":{"line":198,"column":5}}]},"13":{"loc":{"start":{"line":202,"column":4},"end":{"line":205,"column":5}},"type":"if","locations":[{"start":{"line":202,"column":4},"end":{"line":205,"column":5}}]},"14":{"loc":{"start":{"line":202,"column":8},"end":{"line":202,"column":44}},"type":"binary-expr","locations":[{"start":{"line":202,"column":8},"end":{"line":202,"column":18}},{"start":{"line":202,"column":22},"end":{"line":202,"column":44}}]},"15":{"loc":{"start":{"line":210,"column":34},"end":{"line":210,"column":74}},"type":"binary-expr","locations":[{"start":{"line":210,"column":34},"end":{"line":210,"column":47}},{"start":{"line":210,"column":51},"end":{"line":210,"column":74}}]},"16":{"loc":{"start":{"line":223,"column":8},"end":{"line":225,"column":9}},"type":"if","locations":[{"start":{"line":223,"column":8},"end":{"line":225,"column":9}}]},"17":{"loc":{"start":{"line":229,"column":8},"end":{"line":231,"column":9}},"type":"if","locations":[{"start":{"line":229,"column":8},"end":{"line":231,"column":9}}]},"18":{"loc":{"start":{"line":245,"column":8},"end":{"line":247,"column":9}},"type":"if","locations":[{"start":{"line":245,"column":8},"end":{"line":247,"column":9}}]}},"s":{"0":4,"1":4,"2":4,"3":4,"4":4,"5":4,"6":0,"7":0,"8":0,"9":0,"10":0,"11":0,"12":0,"13":4,"14":4,"15":0,"16":0,"17":0,"18":0,"19":0,"20":0,"21":0,"22":0,"23":0,"24":0,"25":0,"26":0,"27":0,"28":4,"29":4,"30":4,"31":4,"32":4,"33":4,"34":3,"35":3,"36":3,"37":3,"38":3,"39":1,"40":0,"41":0,"42":1,"43":1,"44":0,"45":1,"46":1,"47":3,"48":3,"49":3,"50":4,"51":4,"52":0,"53":0,"54":0,"55":0,"56":0,"57":0,"58":0,"59":0,"60":0,"61":0,"62":0,"63":0,"64":0,"65":0,"66":0,"67":0,"68":0,"69":4,"70":4,"71":0,"72":0,"73":0,"74":0,"75":0,"76":0,"77":0,"78":0,"79":0,"80":0,"81":0,"82":4,"83":4,"84":0,"85":0,"86":0,"87":0,"88":0,"89":0,"90":0,"91":0,"92":0,"93":0,"94":0,"95":4,"96":4,"97":0,"98":0,"99":0,"100":0,"101":0,"102":0,"103":0,"104":0,"105":0,"106":4,"107":4,"108":0,"109":0,"110":0,"111":0,"112":0,"113":0,"114":0,"115":0,"116":0,"117":0,"118":0,"119":0,"120":0,"121":0,"122":4,"123":4,"124":3,"125":3,"126":3,"127":3,"128":1,"129":2,"130":2,"131":1,"132":1,"133":1,"134":1,"135":0,"136":1,"137":1,"138":0,"139":4,"140":4,"141":0,"142":0,"143":0,"144":0,"145":0,"146":4},"f":{"0":0,"1":0,"2":4,"3":0,"4":0,"5":0,"6":0,"7":0,"8":3,"9":0},"b":{"0":[0,0],"1":[0],"2":[0],"3":[0],"4":[3,0],"5":[0],"6":[0,0],"7":[0],"8":[0,0],"9":[0],"10":[0,0],"11":[0],"12":[0],"13":[0],"14":[0,0],"15":[0,0],"16":[1],"17":[1],"18":[0]}}
,"C:\\Users\\Ryan\\Desktop\\Teach2give\\Database\\car-db\\src\\customer\\customer.route.ts": {"path":"C:\\Users\\Ryan\\Desktop\\Teach2give\\Database\\car-db\\src\\customer\\customer.route.ts","statementMap":{"0":{"start":{"line":2,"column":0},"end":{"line":2,"column":null}},"1":{"start":{"line":8,"column":17},"end":{"line":118,"column":1}},"2":{"start":{"line":10,"column":4},"end":{"line":18,"column":null}},"3":{"start":{"line":12,"column":12},"end":{"line":16,"column":13}},"4":{"start":{"line":13,"column":16},"end":{"line":13,"column":null}},"5":{"start":{"line":15,"column":16},"end":{"line":15,"column":null}},"6":{"start":{"line":21,"column":4},"end":{"line":29,"column":null}},"7":{"start":{"line":23,"column":12},"end":{"line":27,"column":13}},"8":{"start":{"line":24,"column":16},"end":{"line":24,"column":null}},"9":{"start":{"line":26,"column":16},"end":{"line":26,"column":null}},"10":{"start":{"line":32,"column":4},"end":{"line":40,"column":null}},"11":{"start":{"line":34,"column":12},"end":{"line":38,"column":13}},"12":{"start":{"line":35,"column":16},"end":{"line":35,"column":null}},"13":{"start":{"line":37,"column":16},"end":{"line":37,"column":null}},"14":{"start":{"line":43,"column":4},"end":{"line":51,"column":null}},"15":{"start":{"line":45,"column":12},"end":{"line":49,"column":13}},"16":{"start":{"line":46,"column":16},"end":{"line":46,"column":null}},"17":{"start":{"line":48,"column":16},"end":{"line":48,"column":null}},"18":{"start":{"line":54,"column":4},"end":{"line":62,"column":null}},"19":{"start":{"line":56,"column":12},"end":{"line":60,"column":13}},"20":{"start":{"line":57,"column":16},"end":{"line":57,"column":null}},"21":{"start":{"line":59,"column":16},"end":{"line":59,"column":null}},"22":{"start":{"line":65,"column":4},"end":{"line":73,"column":null}},"23":{"start":{"line":67,"column":12},"end":{"line":71,"column":13}},"24":{"start":{"line":68,"column":16},"end":{"line":68,"column":null}},"25":{"start":{"line":70,"column":16},"end":{"line":70,"column":null}},"26":{"start":{"line":76,"column":4},"end":{"line":85,"column":null}},"27":{"start":{"line":78,"column":12},"end":{"line":82,"column":13}},"28":{"start":{"line":79,"column":16},"end":{"line":79,"column":null}},"29":{"start":{"line":81,"column":16},"end":{"line":81,"column":null}},"30":{"start":{"line":87,"column":4},"end":{"line":95,"column":null}},"31":{"start":{"line":89,"column":11},"end":{"line":93,"column":13}},"32":{"start":{"line":90,"column":16},"end":{"line":90,"column":null}},"33":{"start":{"line":92,"column":16},"end":{"line":92,"column":null}},"34":{"start":{"line":98,"column":4},"end":{"line":106,"column":null}},"35":{"start":{"line":100,"column":11},"end":{"line":104,"column":13}},"36":{"start":{"line":101,"column":16},"end":{"line":101,"column":null}},"37":{"start":{"line":103,"column":16},"end":{"line":103,"column":null}},"38":{"start":{"line":109,"column":4},"end":{"line":117,"column":null}},"39":{"start":{"line":111,"column":12},"end":{"line":115,"column":13}},"40":{"start":{"line":112,"column":16},"end":{"line":112,"column":null}},"41":{"start":{"line":114,"column":16},"end":{"line":114,"column":null}},"42":{"start":{"line":121,"column":0},"end":{"line":121,"column":24}}},"fnMap":{"0":{"name":"(anonymous_0)","decl":{"start":{"line":8,"column":17},"end":{"line":8,"column":18}},"loc":{"start":{"line":8,"column":34},"end":{"line":118,"column":1}}},"1":{"name":"(anonymous_1)","decl":{"start":{"line":11,"column":8},"end":{"line":11,"column":13}},"loc":{"start":{"line":11,"column":33},"end":{"line":17,"column":9}}},"2":{"name":"(anonymous_2)","decl":{"start":{"line":22,"column":8},"end":{"line":22,"column":13}},"loc":{"start":{"line":22,"column":33},"end":{"line":28,"column":9}}},"3":{"name":"(anonymous_3)","decl":{"start":{"line":33,"column":8},"end":{"line":33,"column":13}},"loc":{"start":{"line":33,"column":33},"end":{"line":39,"column":9}}},"4":{"name":"(anonymous_4)","decl":{"start":{"line":44,"column":8},"end":{"line":44,"column":13}},"loc":{"start":{"line":44,"column":33},"end":{"line":50,"column":9}}},"5":{"name":"(anonymous_5)","decl":{"start":{"line":55,"column":8},"end":{"line":55,"column":13}},"loc":{"start":{"line":55,"column":33},"end":{"line":61,"column":9}}},"6":{"name":"(anonymous_6)","decl":{"start":{"line":66,"column":8},"end":{"line":66,"column":13}},"loc":{"start":{"line":66,"column":33},"end":{"line":72,"column":9}}},"7":{"name":"(anonymous_7)","decl":{"start":{"line":77,"column":8},"end":{"line":77,"column":13}},"loc":{"start":{"line":77,"column":33},"end":{"line":83,"column":9}}},"8":{"name":"(anonymous_8)","decl":{"start":{"line":88,"column":8},"end":{"line":88,"column":13}},"loc":{"start":{"line":88,"column":33},"end":{"line":94,"column":9}}},"9":{"name":"(anonymous_9)","decl":{"start":{"line":99,"column":8},"end":{"line":99,"column":13}},"loc":{"start":{"line":99,"column":33},"end":{"line":105,"column":9}}},"10":{"name":"(anonymous_10)","decl":{"start":{"line":110,"column":8},"end":{"line":110,"column":13}},"loc":{"start":{"line":110,"column":33},"end":{"line":116,"column":9}}}},"branchMap":{},"s":{"0":4,"1":4,"2":4,"3":4,"4":4,"5":0,"6":4,"7":0,"8":0,"9":0,"10":4,"11":0,"12":0,"13":0,"14":4,"15":0,"16":0,"17":0,"18":4,"19":0,"20":0,"21":0,"22":4,"23":0,"24":0,"25":0,"26":4,"27":3,"28":3,"29":0,"30":4,"31":0,"32":0,"33":0,"34":4,"35":0,"36":0,"37":0,"38":4,"39":0,"40":0,"41":0,"42":4},"f":{"0":4,"1":4,"2":0,"3":0,"4":0,"5":0,"6":0,"7":3,"8":0,"9":0,"10":0},"b":{}}
,"C:\\Users\\Ryan\\Desktop\\Teach2give\\Database\\car-db\\src\\customer\\customer.service.ts": {"path":"C:\\Users\\Ryan\\Desktop\\Teach2give\\Database\\car-db\\src\\customer\\customer.service.ts","statementMap":{"0":{"start":{"line":1,"column":0},"end":{"line":1,"column":31}},"1":{"start":{"line":2,"column":0},"end":{"line":2,"column":50}},"2":{"start":{"line":3,"column":0},"end":{"line":3,"column":38}},"3":{"start":{"line":7,"column":31},"end":{"line":10,"column":1}},"4":{"start":{"line":8,"column":20},"end":{"line":8,"column":59}},"5":{"start":{"line":9,"column":4},"end":{"line":9,"column":21}},"6":{"start":{"line":7,"column":13},"end":{"line":7,"column":31}},"7":{"start":{"line":13,"column":31},"end":{"line":18,"column":1}},"8":{"start":{"line":14,"column":20},"end":{"line":16,"column":4}},"9":{"start":{"line":17,"column":2},"end":{"line":17,"column":null}},"10":{"start":{"line":13,"column":13},"end":{"line":13,"column":31}},"11":{"start":{"line":21,"column":30},"end":{"line":24,"column":1}},"12":{"start":{"line":22,"column":4},"end":{"line":22,"column":null}},"13":{"start":{"line":23,"column":4},"end":{"line":23,"column":43}},"14":{"start":{"line":21,"column":13},"end":{"line":21,"column":30}},"15":{"start":{"line":27,"column":41},"end":{"line":31,"column":1}},"16":{"start":{"line":28,"column":3},"end":{"line":30,"column":7}},"17":{"start":{"line":27,"column":13},"end":{"line":27,"column":41}},"18":{"start":{"line":34,"column":37},"end":{"line":38,"column":1}},"19":{"start":{"line":35,"column":2},"end":{"line":37,"column":55}},"20":{"start":{"line":34,"column":13},"end":{"line":34,"column":37}},"21":{"start":{"line":41,"column":31},"end":{"line":44,"column":1}},"22":{"start":{"line":42,"column":4},"end":{"line":42,"column":null}},"23":{"start":{"line":43,"column":4},"end":{"line":43,"column":43}},"24":{"start":{"line":41,"column":13},"end":{"line":41,"column":31}},"25":{"start":{"line":47,"column":30},"end":{"line":50,"column":1}},"26":{"start":{"line":48,"column":2},"end":{"line":48,"column":null}},"27":{"start":{"line":49,"column":2},"end":{"line":49,"column":41}},"28":{"start":{"line":47,"column":13},"end":{"line":47,"column":30}},"29":{"start":{"line":53,"column":32},"end":{"line":58,"column":1}},"30":{"start":{"line":54,"column":22},"end":{"line":56,"column":6}},"31":{"start":{"line":57,"column":4},"end":{"line":57,"column":21}},"32":{"start":{"line":53,"column":13},"end":{"line":53,"column":32}},"33":{"start":{"line":61,"column":36},"end":{"line":77,"column":1}},"34":{"start":{"line":63,"column":20},"end":{"line":63,"column":28}},"35":{"start":{"line":64,"column":4},"end":{"line":75,"column":null}},"36":{"start":{"line":61,"column":13},"end":{"line":61,"column":36}},"37":{"start":{"line":80,"column":40},"end":{"line":86,"column":1}},"38":{"start":{"line":81,"column":2},"end":{"line":85,"column":5}},"39":{"start":{"line":80,"column":13},"end":{"line":80,"column":40}},"40":{"start":{"line":89,"column":53},"end":{"line":105,"column":1}},"41":{"start":{"line":90,"column":18},"end":{"line":103,"column":4}},"42":{"start":{"line":104,"column":2},"end":{"line":104,"column":16}},"43":{"start":{"line":89,"column":13},"end":{"line":89,"column":53}}},"fnMap":{"0":{"name":"(anonymous_1)","decl":{"start":{"line":7,"column":31},"end":{"line":7,"column":36}},"loc":{"start":{"line":7,"column":42},"end":{"line":10,"column":1}}},"1":{"name":"(anonymous_2)","decl":{"start":{"line":13,"column":31},"end":{"line":13,"column":36}},"loc":{"start":{"line":13,"column":52},"end":{"line":18,"column":1}}},"2":{"name":"(anonymous_3)","decl":{"start":{"line":21,"column":30},"end":{"line":21,"column":35}},"loc":{"start":{"line":21,"column":61},"end":{"line":24,"column":1}}},"3":{"name":"(anonymous_4)","decl":{"start":{"line":27,"column":41},"end":{"line":27,"column":46}},"loc":{"start":{"line":27,"column":65},"end":{"line":31,"column":1}}},"4":{"name":"(anonymous_5)","decl":{"start":{"line":34,"column":37},"end":{"line":34,"column":42}},"loc":{"start":{"line":34,"column":60},"end":{"line":38,"column":1}}},"5":{"name":"(anonymous_6)","decl":{"start":{"line":41,"column":31},"end":{"line":41,"column":36}},"loc":{"start":{"line":41,"column":74},"end":{"line":44,"column":1}}},"6":{"name":"(anonymous_7)","decl":{"start":{"line":47,"column":30},"end":{"line":47,"column":35}},"loc":{"start":{"line":47,"column":51},"end":{"line":50,"column":1}}},"7":{"name":"(anonymous_8)","decl":{"start":{"line":53,"column":32},"end":{"line":53,"column":37}},"loc":{"start":{"line":53,"column":53},"end":{"line":58,"column":1}}},"8":{"name":"(anonymous_9)","decl":{"start":{"line":61,"column":36},"end":{"line":61,"column":41}},"loc":{"start":{"line":61,"column":66},"end":{"line":77,"column":1}}},"9":{"name":"(anonymous_10)","decl":{"start":{"line":80,"column":40},"end":{"line":80,"column":45}},"loc":{"start":{"line":80,"column":51},"end":{"line":86,"column":1}}},"10":{"name":"(anonymous_11)","decl":{"start":{"line":89,"column":53},"end":{"line":89,"column":58}},"loc":{"start":{"line":89,"column":82},"end":{"line":105,"column":1}}}},"branchMap":{},"s":{"0":4,"1":4,"2":4,"3":4,"4":0,"5":0,"6":4,"7":4,"8":0,"9":0,"10":4,"11":4,"12":3,"13":1,"14":4,"15":4,"16":0,"17":4,"18":4,"19":0,"20":4,"21":4,"22":0,"23":0,"24":4,"25":4,"26":0,"27":0,"28":4,"29":4,"30":0,"31":0,"32":4,"33":4,"34":3,"35":3,"36":4,"37":4,"38":0,"39":4,"40":4,"41":0,"42":0,"43":4},"f":{"0":0,"1":0,"2":3,"3":0,"4":0,"5":0,"6":0,"7":0,"8":3,"9":0,"10":0},"b":{}}
,"C:\\Users\\Ryan\\Desktop\\Teach2give\\Database\\car-db\\src\\insurance\\insurance.controller.ts": {"path":"C:\\Users\\Ryan\\Desktop\\Teach2give\\Database\\car-db\\src\\insurance\\insurance.controller.ts","statementMap":{"0":{"start":{"line":2,"column":0},"end":{"line":2,"column":56}},"1":{"start":{"line":5,"column":42},"end":{"line":15,"column":1}},"2":{"start":{"line":6,"column":2},"end":{"line":14,"column":3}},"3":{"start":{"line":7,"column":23},"end":{"line":7,"column":64}},"4":{"start":{"line":8,"column":4},"end":{"line":8,"column":null}},"5":{"start":{"line":9,"column":4},"end":{"line":9,"column":11}},"6":{"start":{"line":11,"column":4},"end":{"line":11,"column":null}},"7":{"start":{"line":12,"column":4},"end":{"line":12,"column":null}},"8":{"start":{"line":13,"column":4},"end":{"line":13,"column":11}},"9":{"start":{"line":5,"column":13},"end":{"line":5,"column":42}},"10":{"start":{"line":18,"column":42},"end":{"line":41,"column":1}},"11":{"start":{"line":19,"column":2},"end":{"line":40,"column":3}},"12":{"start":{"line":20,"column":15},"end":{"line":20,"column":38}},"13":{"start":{"line":22,"column":4},"end":{"line":25,"column":5}},"14":{"start":{"line":23,"column":7},"end":{"line":23,"column":55}},"15":{"start":{"line":24,"column":6},"end":{"line":24,"column":13}},"16":{"start":{"line":27,"column":22},"end":{"line":27,"column":65}},"17":{"start":{"line":29,"column":4},"end":{"line":32,"column":5}},"18":{"start":{"line":30,"column":6},"end":{"line":30,"column":63}},"19":{"start":{"line":31,"column":6},"end":{"line":31,"column":13}},"20":{"start":{"line":34,"column":4},"end":{"line":34,"column":46}},"21":{"start":{"line":36,"column":4},"end":{"line":36,"column":11}},"22":{"start":{"line":38,"column":5},"end":{"line":38,"column":null}},"23":{"start":{"line":39,"column":4},"end":{"line":39,"column":11}},"24":{"start":{"line":18,"column":13},"end":{"line":18,"column":42}},"25":{"start":{"line":44,"column":41},"end":{"line":59,"column":1}},"26":{"start":{"line":45,"column":2},"end":{"line":58,"column":3}},"27":{"start":{"line":46,"column":22},"end":{"line":46,"column":70}},"28":{"start":{"line":48,"column":4},"end":{"line":51,"column":5}},"29":{"start":{"line":49,"column":6},"end":{"line":49,"column":65}},"30":{"start":{"line":50,"column":6},"end":{"line":50,"column":13}},"31":{"start":{"line":52,"column":4},"end":{"line":52,"column":83}},"32":{"start":{"line":53,"column":4},"end":{"line":53,"column":11}},"33":{"start":{"line":55,"column":4},"end":{"line":55,"column":54}},"34":{"start":{"line":56,"column":5},"end":{"line":56,"column":79}},"35":{"start":{"line":57,"column":4},"end":{"line":57,"column":11}},"36":{"start":{"line":44,"column":13},"end":{"line":44,"column":41}},"37":{"start":{"line":62,"column":41},"end":{"line":79,"column":1}},"38":{"start":{"line":63,"column":2},"end":{"line":78,"column":3}},"39":{"start":{"line":64,"column":15},"end":{"line":64,"column":38}},"40":{"start":{"line":66,"column":4},"end":{"line":69,"column":5}},"41":{"start":{"line":67,"column":6},"end":{"line":67,"column":54}},"42":{"start":{"line":68,"column":6},"end":{"line":68,"column":13}},"43":{"start":{"line":71,"column":20},"end":{"line":71,"column":72}},"44":{"start":{"line":72,"column":4},"end":{"line":72,"column":92}},"45":{"start":{"line":73,"column":4},"end":{"line":73,"column":11}},"46":{"start":{"line":75,"column":4},"end":{"line":75,"column":54}},"47":{"start":{"line":76,"column":4},"end":{"line":76,"column":78}},"48":{"start":{"line":77,"column":4},"end":{"line":77,"column":11}},"49":{"start":{"line":62,"column":13},"end":{"line":62,"column":41}},"50":{"start":{"line":82,"column":41},"end":{"line":99,"column":1}},"51":{"start":{"line":83,"column":2},"end":{"line":98,"column":3}},"52":{"start":{"line":84,"column":15},"end":{"line":84,"column":42}},"53":{"start":{"line":86,"column":4},"end":{"line":89,"column":5}},"54":{"start":{"line":87,"column":6},"end":{"line":87,"column":54}},"55":{"start":{"line":88,"column":6},"end":{"line":88,"column":13}},"56":{"start":{"line":91,"column":4},"end":{"line":91,"column":47}},"57":{"start":{"line":92,"column":4},"end":{"line":92,"column":27}},"58":{"start":{"line":93,"column":4},"end":{"line":93,"column":11}},"59":{"start":{"line":95,"column":4},"end":{"line":95,"column":54}},"60":{"start":{"line":96,"column":4},"end":{"line":96,"column":78}},"61":{"start":{"line":97,"column":4},"end":{"line":97,"column":11}},"62":{"start":{"line":82,"column":13},"end":{"line":82,"column":41}},"63":{"start":{"line":102,"column":43},"end":{"line":124,"column":1}},"64":{"start":{"line":103,"column":2},"end":{"line":123,"column":3}},"65":{"start":{"line":104,"column":15},"end":{"line":104,"column":42}},"66":{"start":{"line":106,"column":4},"end":{"line":109,"column":5}},"67":{"start":{"line":107,"column":6},"end":{"line":107,"column":54}},"68":{"start":{"line":108,"column":6},"end":{"line":108,"column":13}},"69":{"start":{"line":111,"column":23},"end":{"line":111,"column":67}},"70":{"start":{"line":113,"column":4},"end":{"line":116,"column":5}},"71":{"start":{"line":114,"column":6},"end":{"line":114,"column":63}},"72":{"start":{"line":115,"column":6},"end":{"line":115,"column":13}},"73":{"start":{"line":117,"column":4},"end":{"line":117,"column":47}},"74":{"start":{"line":118,"column":4},"end":{"line":118,"column":11}},"75":{"start":{"line":120,"column":4},"end":{"line":120,"column":55}},"76":{"start":{"line":121,"column":4},"end":{"line":121,"column":78}},"77":{"start":{"line":122,"column":4},"end":{"line":122,"column":11}},"78":{"start":{"line":102,"column":13},"end":{"line":102,"column":43}}},"fnMap":{"0":{"name":"(anonymous_9)","decl":{"start":{"line":5,"column":42},"end":{"line":5,"column":47}},"loc":{"start":{"line":5,"column":81},"end":{"line":15,"column":1}}},"1":{"name":"(anonymous_10)","decl":{"start":{"line":18,"column":42},"end":{"line":18,"column":47}},"loc":{"start":{"line":18,"column":80},"end":{"line":41,"column":1}}},"2":{"name":"(anonymous_11)","decl":{"start":{"line":44,"column":41},"end":{"line":44,"column":46}},"loc":{"start":{"line":44,"column":79},"end":{"line":59,"column":1}}},"3":{"name":"(anonymous_12)","decl":{"start":{"line":62,"column":41},"end":{"line":62,"column":46}},"loc":{"start":{"line":62,"column":79},"end":{"line":79,"column":1}}},"4":{"name":"(anonymous_13)","decl":{"start":{"line":82,"column":41},"end":{"line":82,"column":46}},"loc":{"start":{"line":82,"column":79},"end":{"line":99,"column":1}}},"5":{"name":"(anonymous_14)","decl":{"start":{"line":102,"column":43},"end":{"line":102,"column":48}},"loc":{"start":{"line":102,"column":81},"end":{"line":124,"column":1}}}},"branchMap":{"0":{"loc":{"start":{"line":12,"column":34},"end":{"line":12,"column":74}},"type":"binary-expr","locations":[{"start":{"line":12,"column":34},"end":{"line":12,"column":47}},{"start":{"line":12,"column":51},"end":{"line":12,"column":74}}]},"1":{"loc":{"start":{"line":22,"column":4},"end":{"line":25,"column":5}},"type":"if","locations":[{"start":{"line":22,"column":4},"end":{"line":25,"column":5}}]},"2":{"loc":{"start":{"line":29,"column":4},"end":{"line":32,"column":5}},"type":"if","locations":[{"start":{"line":29,"column":4},"end":{"line":32,"column":5}}]},"3":{"loc":{"start":{"line":48,"column":4},"end":{"line":51,"column":5}},"type":"if","locations":[{"start":{"line":48,"column":4},"end":{"line":51,"column":5}}]},"4":{"loc":{"start":{"line":56,"column":35},"end":{"line":56,"column":75}},"type":"binary-expr","locations":[{"start":{"line":56,"column":35},"end":{"line":56,"column":48}},{"start":{"line":56,"column":52},"end":{"line":56,"column":75}}]},"5":{"loc":{"start":{"line":66,"column":4},"end":{"line":69,"column":5}},"type":"if","locations":[{"start":{"line":66,"column":4},"end":{"line":69,"column":5}}]},"6":{"loc":{"start":{"line":76,"column":34},"end":{"line":76,"column":74}},"type":"binary-expr","locations":[{"start":{"line":76,"column":34},"end":{"line":76,"column":47}},{"start":{"line":76,"column":51},"end":{"line":76,"column":74}}]},"7":{"loc":{"start":{"line":86,"column":4},"end":{"line":89,"column":5}},"type":"if","locations":[{"start":{"line":86,"column":4},"end":{"line":89,"column":5}}]},"8":{"loc":{"start":{"line":96,"column":34},"end":{"line":96,"column":74}},"type":"binary-expr","locations":[{"start":{"line":96,"column":34},"end":{"line":96,"column":47}},{"start":{"line":96,"column":51},"end":{"line":96,"column":74}}]},"9":{"loc":{"start":{"line":106,"column":4},"end":{"line":109,"column":5}},"type":"if","locations":[{"start":{"line":106,"column":4},"end":{"line":109,"column":5}}]},"10":{"loc":{"start":{"line":113,"column":4},"end":{"line":116,"column":5}},"type":"if","locations":[{"start":{"line":113,"column":4},"end":{"line":116,"column":5}}]},"11":{"loc":{"start":{"line":113,"column":8},"end":{"line":113,"column":46}},"type":"binary-expr","locations":[{"start":{"line":113,"column":8},"end":{"line":113,"column":19}},{"start":{"line":113,"column":23},"end":{"line":113,"column":46}}]},"12":{"loc":{"start":{"line":121,"column":34},"end":{"line":121,"column":74}},"type":"binary-expr","locations":[{"start":{"line":121,"column":34},"end":{"line":121,"column":47}},{"start":{"line":121,"column":51},"end":{"line":121,"column":74}}]}},"s":{"0":4,"1":4,"2":0,"3":0,"4":0,"5":0,"6":0,"7":0,"8":0,"9":4,"10":4,"11":0,"12":0,"13":0,"14":0,"15":0,"16":0,"17":0,"18":0,"19":0,"20":0,"21":0,"22":0,"23":0,"24":4,"25":4,"26":0,"27":0,"28":0,"29":0,"30":0,"31":0,"32":0,"33":0,"34":0,"35":0,"36":4,"37":4,"38":0,"39":0,"40":0,"41":0,"42":0,"43":0,"44":0,"45":0,"46":0,"47":0,"48":0,"49":4,"50":4,"51":0,"52":0,"53":0,"54":0,"55":0,"56":0,"57":0,"58":0,"59":0,"60":0,"61":0,"62":4,"63":4,"64":0,"65":0,"66":0,"67":0,"68":0,"69":0,"70":0,"71":0,"72":0,"73":0,"74":0,"75":0,"76":0,"77":0,"78":4},"f":{"0":0,"1":0,"2":0,"3":0,"4":0,"5":0},"b":{"0":[0,0],"1":[0],"2":[0],"3":[0],"4":[0,0],"5":[0],"6":[0,0],"7":[0],"8":[0,0],"9":[0],"10":[0],"11":[0,0],"12":[0,0]}}
,"C:\\Users\\Ryan\\Desktop\\Teach2give\\Database\\car-db\\src\\insurance\\insurance.route.ts": {"path":"C:\\Users\\Ryan\\Desktop\\Teach2give\\Database\\car-db\\src\\insurance\\insurance.route.ts","statementMap":{"0":{"start":{"line":2,"column":0},"end":{"line":2,"column":null}},"1":{"start":{"line":9,"column":18},"end":{"line":75,"column":1}},"2":{"start":{"line":11,"column":4},"end":{"line":19,"column":null}},"3":{"start":{"line":13,"column":12},"end":{"line":17,"column":13}},"4":{"start":{"line":14,"column":16},"end":{"line":14,"column":null}},"5":{"start":{"line":16,"column":16},"end":{"line":16,"column":null}},"6":{"start":{"line":22,"column":4},"end":{"line":30,"column":null}},"7":{"start":{"line":24,"column":12},"end":{"line":28,"column":13}},"8":{"start":{"line":25,"column":16},"end":{"line":25,"column":null}},"9":{"start":{"line":27,"column":16},"end":{"line":27,"column":null}},"10":{"start":{"line":33,"column":4},"end":{"line":41,"column":null}},"11":{"start":{"line":35,"column":12},"end":{"line":39,"column":13}},"12":{"start":{"line":36,"column":16},"end":{"line":36,"column":null}},"13":{"start":{"line":38,"column":16},"end":{"line":38,"column":null}},"14":{"start":{"line":44,"column":4},"end":{"line":52,"column":null}},"15":{"start":{"line":46,"column":12},"end":{"line":50,"column":13}},"16":{"start":{"line":47,"column":16},"end":{"line":47,"column":null}},"17":{"start":{"line":49,"column":16},"end":{"line":49,"column":null}},"18":{"start":{"line":55,"column":4},"end":{"line":63,"column":null}},"19":{"start":{"line":57,"column":12},"end":{"line":61,"column":13}},"20":{"start":{"line":58,"column":16},"end":{"line":58,"column":null}},"21":{"start":{"line":60,"column":16},"end":{"line":60,"column":null}},"22":{"start":{"line":66,"column":4},"end":{"line":74,"column":null}},"23":{"start":{"line":68,"column":12},"end":{"line":72,"column":13}},"24":{"start":{"line":69,"column":16},"end":{"line":69,"column":null}},"25":{"start":{"line":71,"column":16},"end":{"line":71,"column":null}},"26":{"start":{"line":78,"column":0},"end":{"line":78,"column":25}}},"fnMap":{"0":{"name":"(anonymous_0)","decl":{"start":{"line":9,"column":18},"end":{"line":9,"column":19}},"loc":{"start":{"line":9,"column":35},"end":{"line":75,"column":1}}},"1":{"name":"(anonymous_1)","decl":{"start":{"line":12,"column":8},"end":{"line":12,"column":13}},"loc":{"start":{"line":12,"column":33},"end":{"line":18,"column":9}}},"2":{"name":"(anonymous_2)","decl":{"start":{"line":23,"column":8},"end":{"line":23,"column":13}},"loc":{"start":{"line":23,"column":33},"end":{"line":29,"column":9}}},"3":{"name":"(anonymous_3)","decl":{"start":{"line":34,"column":8},"end":{"line":34,"column":13}},"loc":{"start":{"line":34,"column":33},"end":{"line":40,"column":9}}},"4":{"name":"(anonymous_4)","decl":{"start":{"line":45,"column":8},"end":{"line":45,"column":13}},"loc":{"start":{"line":45,"column":33},"end":{"line":51,"column":9}}},"5":{"name":"(anonymous_5)","decl":{"start":{"line":56,"column":8},"end":{"line":56,"column":13}},"loc":{"start":{"line":56,"column":33},"end":{"line":62,"column":9}}},"6":{"name":"(anonymous_6)","decl":{"start":{"line":67,"column":8},"end":{"line":67,"column":13}},"loc":{"start":{"line":67,"column":33},"end":{"line":73,"column":9}}}},"branchMap":{},"s":{"0":4,"1":4,"2":4,"3":0,"4":0,"5":0,"6":4,"7":0,"8":0,"9":0,"10":4,"11":0,"12":0,"13":0,"14":4,"15":0,"16":0,"17":0,"18":4,"19":0,"20":0,"21":0,"22":4,"23":0,"24":0,"25":0,"26":4},"f":{"0":4,"1":0,"2":0,"3":0,"4":0,"5":0,"6":0},"b":{}}
[...]
,"C:\\Users\\Ryan\\Desktop\\Teach2give\\Database\\car-db\\src\\reservation\\reservation.controller.ts": {"path":"C:\\Users\\Ryan\\Desktop\\Teach2give\\Database\\car-db\\src\\reservation\\reservation.controller.ts","statementMap":{"0":{"start":{"line":2,"column":0},"end":{"line":2,"column":60}},"1":{"start":{"line":5,"column":44},"end":{"line":15,"column":1}},"2":{"start":{"line":6,"column":2},"end":{"line":14,"column":3}},"3":{"start":{"line":7,"column":25},"end":{"line":7,"column":70}},"4":{"start":{"line":8,"column":4},"end":{"line":8,"column":null}},"5":{"start":{"line":9,"column":4},"end":{"line":9,"column":11}},"6":{"start":{"line":11,"column":4},"end":{"line":11,"column":null}},"7":{"start":{"line":12,"column":4},"end":{"line":12,"column":null}},"8":{"start":{"line":13,"column":4},"end":{"line":13,"column":11}},"9":{"start":{"line":5,"column":13},"end":{"line":5,"column":44}},"10":{"start":{"line":18,"column":44},"end":{"line":41,"column":1}},"11":{"start":{"line":19,"column":2},"end":{"line":40,"column":3}},"12":{"start":{"line":20,"column":15},"end":{"line":20,"column":38}},"13":{"start":{"line":22,"column":4},"end":{"line":25,"column":5}},"14":{"start":{"line":23,"column":7},"end":{"line":23,"column":55}},"15":{"start":{"line":24,"column":6},"end":{"line":24,"column":13}},"16":{"start":{"line":27,"column":24},"end":{"line":27,"column":71}},"17":{"start":{"line":29,"column":4},"end":{"line":32,"column":5}},"18":{"start":{"line":30,"column":6},"end":{"line":30,"column":65}},"19":{"start":{"line":31,"column":6},"end":{"line":31,"column":13}},"20":{"start":{"line":34,"column":4},"end":{"line":34,"column":48}},"21":{"start":{"line":36,"column":4},"end":{"line":36,"column":11}},"22":{"start":{"line":38,"column":5},"end":{"line":38,"column":null}},"23":{"start":{"line":39,"column":4},"end":{"line":39,"column":11}},"24":{"start":{"line":18,"column":13},"end":{"line":18,"column":44}},"25":{"start":{"line":44,"column":43},"end":{"line":59,"column":1}},"26":{"start":{"line":45,"column":2},"end":{"line":58,"column":3}},"27":{"start":{"line":46,"column":24},"end":{"line":46,"column":76}},"28":{"start":{"line":48,"column":4},"end":{"line":51,"column":5}},"29":{"start":{"line":49,"column":6},"end":{"line":49,"column":67}},"30":{"start":{"line":50,"column":6},"end":{"line":50,"column":13}},"31":{"start":{"line":52,"column":4},"end":{"line":52,"column":87}},"32":{"start":{"line":53,"column":4},"end":{"line":53,"column":11}},"33":{"start":{"line":55,"column":4},"end":{"line":55,"column":56}},"34":{"start":{"line":56,"column":5},"end":{"line":56,"column":79}},"35":{"start":{"line":57,"column":4},"end":{"line":57,"column":11}},"36":{"start":{"line":44,"column":13},"end":{"line":44,"column":43}},"37":{"start":{"line":62,"column":43},"end":{"line":79,"column":1}},"38":{"start":{"line":63,"column":2},"end":{"line":78,"column":3}},"39":{"start":{"line":64,"column":15},"end":{"line":64,"column":38}},"40":{"start":{"line":66,"column":4},"end":{"line":69,"column":5}},"41":{"start":{"line":67,"column":6},"end":{"line":67,"column":54}},"42":{"start":{"line":68,"column":6},"end":{"line":68,"column":13}},"43":{"start":{"line":71,"column":20},"end":{"line":71,"column":76}},"44":{"start":{"line":72,"column":4},"end":{"line":72,"column":96}},"45":{"start":{"line":73,"column":4},"end":{"line":73,"column":11}},"46":{"start":{"line":75,"column":4},"end":{"line":75,"column":56}},"47":{"start":{"line":76,"column":4},"end":{"line":76,"column":78}},"48":{"start":{"line":77,"column":4},"end":{"line":77,"column":11}},"49":{"start":{"line":62,"column":13},"end":{"line":62,"column":43}},"50":{"start":{"line":82,"column":43},"end":{"line":99,"column":1}},"51":{"start":{"line":83,"column":2},"end":{"line":98,"column":3}},"52":{"start":{"line":84,"column":15},"end":{"line":84,"column":42}},"53":{"start":{"line":86,"column":4},"end":{"line":89,"column":5}},"54":{"start":{"line":87,"column":6},"end":{"line":87,"column":54}},"55":{"start":{"line":88,"column":6},"end":{"line":88,"column":13}},"56":{"start":{"line":91,"column":4},"end":{"line":91,"column":51}},"57":{"start":{"line":92,"column":4},"end":{"line":92,"column":27}},"58":{"start":{"line":93,"column":4},"end":{"line":93,"column":11}},"59":{"start":{"line":95,"column":4},"end":{"line":95,"column":56}},"60":{"start":{"line":96,"column":4},"end":{"line":96,"column":78}},"61":{"start":{"line":97,"column":4},"end":{"line":97,"column":11}},"62":{"start":{"line":82,"column":13},"end":{"line":82,"column":43}},"63":{"start":{"line":102,"column":45},"end":{"line":124,"column":1}},"64":{"start":{"line":103,"column":2},"end":{"line":123,"column":3}},"65":{"start":{"line":104,"column":15},"end":{"line":104,"column":42}},"66":{"start":{"line":106,"column":4},"end":{"line":109,"column":5}},"67":{"start":{"line":107,"column":6},"end":{"line":107,"column":54}},"68":{"start":{"line":108,"column":6},"end":{"line":108,"column":13}},"69":{"start":{"line":111,"column":25},"end":{"line":111,"column":73}},"70":{"start":{"line":113,"column":4},"end":{"line":116,"column":5}},"71":{"start":{"line":114,"column":6},"end":{"line":114,"column":65}},"72":{"start":{"line":115,"column":6},"end":{"line":115,"column":13}},"73":{"start":{"line":117,"column":4},"end":{"line":117,"column":49}},"74":{"start":{"line":118,"column":4},"end":{"line":118,"column":11}},"75":{"start":{"line":120,"column":4},"end":{"line":120,"column":57}},"76":{"start":{"line":121,"column":4},"end":{"line":121,"column":78}},"77":{"start":{"line":122,"column":4},"end":{"line":122,"column":11}},"78":{"start":{"line":102,"column":13},"end":{"line":102,"column":45}},"79":{"start":{"line":127,"column":48},"end":{"line":135,"column":1}},"80":{"start":{"line":128,"column":2},"end":{"line":134,"column":3}},"81":{"start":{"line":129,"column":19},"end":{"line":129,"column":79}},"82":{"start":{"line":130,"column":4},"end":{"line":130,"column":33}},"83":{"start":{"line":132,"column":4},"end":{"line":132,"column":64}},"84":{"start":{"line":133,"column":4},"end":{"line":133,"column":61}},"85":{"start":{"line":127,"column":13},"end":{"line":127,"column":48}}},"fnMap":{"0":{"name":"(anonymous_9)","decl":{"start":{"line":5,"column":44},"end":{"line":5,"column":49}},"loc":{"start":{"line":5,"column":83},"end":{"line":15,"column":1}}},"1":{"name":"(anonymous_10)","decl":{"start":{"line":18,"column":44},"end":{"line":18,"column":49}},"loc":{"start":{"line":18,"column":82},"end":{"line":41,"column":1}}},"2":{"name":"(anonymous_11)","decl":{"start":{"line":44,"column":43},"end":{"line":44,"column":48}},"loc":{"start":{"line":44,"column":81},"end":{"line":59,"column":1}}},"3":{"name":"(anonymous_12)","decl":{"start":{"line":62,"column":43},"end":{"line":62,"column":48}},"loc":{"start":{"line":62,"column":81},"end":{"line":79,"column":1}}},"4":{"name":"(anonymous_13)","decl":{"start":{"line":82,"column":43},"end":{"line":82,"column":48}},"loc":{"start":{"line":82,"column":81},"end":{"line":99,"column":1}}},"5":{"name":"(anonymous_14)","decl":{"start":{"line":102,"column":45},"end":{"line":102,"column":50}},"loc":{"start":{"line":102,"column":83},"end":{"line":124,"column":1}}},"6":{"name":"(anonymous_15)","decl":{"start":{"line":127,"column":48},"end":{"line":127,"column":53}},"loc":{"start":{"line":127,"column":86},"end":{"line":135,"column":1}}}},"branchMap":{"0":{"loc":{"start":{"line":12,"column":34},"end":{"line":12,"column":74}},"type":"binary-expr","locations":[{"start":{"line":12,"column":34},"end":{"line":12,"column":47}},{"start":{"line":12,"column":51},"end":{"line":12,"column":74}}]},"1":{"loc":{"start":{"line":22,"column":4},"end":{"line":25,"column":5}},"type":"if","locations":[{"start":{"line":22,"column":4},"end":{"line":25,"column":5}}]},"2":{"loc":{"start":{"line":29,"column":4},"end":{"line":32,"column":5}},"type":"if","locations":[{"start":{"line":29,"column":4},"end":{"line":32,"column":5}}]},"3":{"loc":{"start":{"line":48,"column":4},"end":{"line":51,"column":5}},"type":"if","locations":[{"start":{"line":48,"column":4},"end":{"line":51,"column":5}}]},"4":{"loc":{"start":{"line":56,"column":35},"end":{"line":56,"column":75}},"type":"binary-expr","locations":[{"start":{"line":56,"column":35},"end":{"line":56,"column":48}},{"start":{"line":56,"column":52},"end":{"line":56,"column":75}}]},"5":{"loc":{"start":{"line":66,"column":4},"end":{"line":69,"column":5}},"type":"if","locations":[{"start":{"line":66,"column":4},"end":{"line":69,"column":5}}]},"6":{"loc":{"start":{"line":76,"column":34},"end":{"line":76,"column":74}},"type":"binary-expr","locations":[{"start":{"line":76,"column":34},"end":{"line":76,"column":47}},{"start":{"line":76,"column":51},"end":{"line":76,"column":74}}]},"7":{"loc":{"start":{"line":86,"column":4},"end":{"line":89,"column":5}},"type":"if","locations":[{"start":{"line":86,"column":4},"end":{"line":89,"column":5}}]},"8":{"loc":{"start":{"line":96,"column":34},"end":{"line":96,"column":74}},"type":"binary-expr","locations":[{"start":{"line":96,"column":34},"end":{"line":96,"column":47}},{"start":{"line":96,"column":51},"end":{"line":96,"column":74}}]},"9":{"loc":{"start":{"line":106,"column":4},"end":{"line":109,"column":5}},"type":"if","locations":[{"start":{"line":106,"column":4},"end":{"line":109,"column":5}}]},"10":{"loc":{"start":{"line":113,"column":4},"end":{"line":116,"column":5}},"type":"if","locations":[{"start":{"line":113,"column":4},"end":{"line":116,"column":5}}]},"11":{"loc":{"start":{"line":113,"column":8},"end":{"line":113,"column":50}},"type":"binary-expr","locations":[{"start":{"line":113,"column":8},"end":{"line":113,"column":21}},{"start":{"line":113,"column":25},"end":{"line":113,"column":50}}]},"12":{"loc":{"start":{"line":121,"column":34},"end":{"line":121,"column":74}},"type":"binary-expr","locations":[{"start":{"line":121,"column":34},"end":{"line":121,"column":47}},{"start":{"line":121,"column":51},"end":{"line":121,"column":74}}]}},"s":{"0":4,"1":4,"2":0,"3":0,"4":0,"5":0,"6":0,"7":0,"8":0,"9":4,"10":4,"11":0,"12":0,"13":0,"14":0,"15":0,"16":0,"17":0,"18":0,"19":0,"20":0,"21":0,"22":0,"23":0,"24":4,"25":4,"26":0,"27":0,"28":0,"29":0,"30":0,"31":0,"32":0,"33":0,"34":0,"35":0,"36":4,"37":4,"38":0,"39":0,"40":0,"41":0,"42":0,"43":0,"44":0,"45":0,"46":0,"47":0,"48":0,"49":4,"50":4,"51":0,"52":0,"53":0,"54":0,"55":0,"56":0,"57":0,"58":0,"59":0,"60":0,"61":0,"62":4,"63":4,"64":0,"65":0,"66":0,"67":0,"68":0,"69":0,"70":0,"71":0,"72":0,"73":0,"74":0,"75":0,"76":0,"77":0,"78":4,"79":4,"80":0,"81":0,"82":0,"83":0,"84":0,"85":4},"f":{"0":0,"1":0,"2":0,"3":0,"4":0,"5":0,"6":0},"b":{"0":[0,0],"1":[0],"2":[0],"3":[0],"4":[0,0],"5":[0],"6":[0,0],"7":[0],"8":[0,0],"9":[0],"10":[0],"11":[0,0],"12":[0,0]}}
,"C:\\Users\\Ryan\\Desktop\\Teach2give\\Database\\car-db\\src\\reservation\\reservation.route.ts": {"path":"C:\\Users\\Ryan\\Desktop\\Teach2give\\Database\\car-db\\src\\reservation\\reservation.route.ts","statementMap":{"0":{"start":{"line":2,"column":0},"end":{"line":2,"column":null}},"1":{"start":{"line":9,"column":20},"end":{"line":87,"column":1}},"2":{"start":{"line":11,"column":4},"end":{"line":19,"column":null}},"3":{"start":{"line":13,"column":12},"end":{"line":17,"column":13}},"4":{"start":{"line":14,"column":16},"end":{"line":14,"column":null}},"5":{"start":{"line":16,"column":16},"end":{"line":16,"column":null}},"6":{"start":{"line":22,"column":4},"end":{"line":30,"column":null}},"7":{"start":{"line":24,"column":12},"end":{"line":28,"column":13}},"8":{"start":{"line":25,"column":16},"end":{"line":25,"column":null}},"9":{"start":{"line":27,"column":16},"end":{"line":27,"column":null}},"10":{"start":{"line":33,"column":4},"end":{"line":41,"column":null}},"11":{"start":{"line":35,"column":12},"end":{"line":39,"column":13}},"12":{"start":{"line":36,"column":16},"end":{"line":36,"column":null}},"13":{"start":{"line":38,"column":16},"end":{"line":38,"column":null}},"14":{"start":{"line":44,"column":4},"end":{"line":52,"column":null}},"15":{"start":{"line":46,"column":12},"end":{"line":50,"column":13}},"16":{"start":{"line":47,"column":16},"end":{"line":47,"column":null}},"17":{"start":{"line":49,"column":16},"end":{"line":49,"column":null}},"18":{"start":{"line":55,"column":4},"end":{"line":63,"column":null}},"19":{"start":{"line":57,"column":12},"end":{"line":61,"column":13}},"20":{"start":{"line":58,"column":16},"end":{"line":58,"column":null}},"21":{"start":{"line":60,"column":16},"end":{"line":60,"column":null}},"22":{"start":{"line":66,"column":4},"end":{"line":74,"column":null}},"23":{"start":{"line":68,"column":12},"end":{"line":72,"column":13}},"24":{"start":{"line":69,"column":16},"end":{"line":69,"column":null}},"25":{"start":{"line":71,"column":16},"end":{"line":71,"column":null}},"26":{"start":{"line":77,"column":4},"end":{"line":85,"column":null}},"27":{"start":{"line":79,"column":12},"end":{"line":83,"column":13}},"28":{"start":{"line":80,"column":16},"end":{"line":80,"column":null}},"29":{"start":{"line":82,"column":16},"end":{"line":82,"column":null}},"30":{"start":{"line":90,"column":0},"end":{"line":90,"column":27}}},"fnMap":{"0":{"name":"(anonymous_0)","decl":{"start":{"line":9,"column":20},"end":{"line":9,"column":21}},"loc":{"start":{"line":9,"column":37},"end":{"line":87,"column":1}}},"1":{"name":"(anonymous_1)","decl":{"start":{"line":12,"column":8},"end":{"line":12,"column":13}},"loc":{"start":{"line":12,"column":33},"end":{"line":18,"column":9}}},"2":{"name":"(anonymous_2)","decl":{"start":{"line":23,"column":8},"end":{"line":23,"column":13}},"loc":{"start":{"line":23,"column":33},"end":{"line":29,"column":9}}},"3":{"name":"(anonymous_3)","decl":{"start":{"line":34,"column":8},"end":{"line":34,"column":13}},"loc":{"start":{"line":34,"column":33},"end":{"line":40,"column":9}}},"4":{"name":"(anonymous_4)","decl":{"start":{"line":45,"column":8},"end":{"line":45,"column":13}},"loc":{"start":{"line":45,"column":33},"end":{"line":51,"column":9}}},"5":{"name":"(anonymous_5)","decl":{"start":{"line":56,"column":8},"end":{"line":56,"column":13}},"loc":{"start":{"line":56,"column":33},"end":{"line":62,"column":9}}},"6":{"name":"(anonymous_6)","decl":{"start":{"line":67,"column":8},"end":{"line":67,"column":13}},"loc":{"start":{"line":67,"column":33},"end":{"line":73,"column":9}}},"7":{"name":"(anonymous_7)","decl":{"start":{"line":78,"column":8},"end":{"line":78,"column":13}},"loc":{"start":{"line":78,"column":33},"end":{"line":84,"column":9}}}},"branchMap":{},"s":{"0":4,"1":4,"2":4,"3":0,"4":0,"5":0,"6":4,"7":0,"8":0,"9":0,"10":4,"11":0,"12":0,"13":0,"14":4,"15":0,"16":0,"17":0,"18":4,"19":0,"20":0,"21":0,"22":4,"23":0,"24":0,"25":0,"26":4,"27":0,"28":0,"29":0,"30":4},"f":{"0":4,"1":0,"2":0,"3":0,"4":0,"5":0,"6":0,"7":0},"b":{}}
,"C:\\Users\\Ryan\\Desktop\\Teach2give\\Database\\car-db\\src\\reservation\\reservation.service.ts": {"path":"C:\\Users\\Ryan\\Desktop\\Teach2give\\Database\\car-db\\src\\reservation\\reservation.service.ts","statementMap":{"0":{"start":{"line":1,"column":0},"end":{"line":1,"column":31}},"1":{"start":{"line":2,"column":0},"end":{"line":2,"column":53}},"2":{"start":{"line":3,"column":0},"end":{"line":3,"column":33}},"3":{"start":{"line":7,"column":34},"end":{"line":10,"column":1}},"4":{"start":{"line":8,"column":23},"end":{"line":8,"column":65}},"5":{"start":{"line":9,"column":4},"end":{"line":9,"column":24}},"6":{"start":{"line":7,"column":13},"end":{"line":7,"column":34}},"7":{"start":{"line":13,"column":34},"end":{"line":18,"column":1}},"8":{"start":{"line":14,"column":23},"end":{"line":16,"column":4}},"9":{"start":{"line":17,"column":2},"end":{"line":17,"column":null}},"10":{"start":{"line":13,"column":13},"end":{"line":13,"column":34}},"11":{"start":{"line":21,"column":33},"end":{"line":27,"column":1}},"12":{"start":{"line":22,"column":23},"end":{"line":22,"column":88}},"13":{"start":{"line":23,"column":4},"end":{"line":25,"column":5}},"14":{"start":{"line":24,"column":8},"end":{"line":24,"column":null}},"15":{"start":{"line":26,"column":4},"end":{"line":26,"column":null}},"16":{"start":{"line":21,"column":13},"end":{"line":21,"column":33}},"17":{"start":{"line":30,"column":34},"end":{"line":33,"column":1}},"18":{"start":{"line":31,"column":4},"end":{"line":31,"column":null}},"19":{"start":{"line":32,"column":4},"end":{"line":32,"column":46}},"20":{"start":{"line":30,"column":13},"end":{"line":30,"column":34}},"21":{"start":{"line":36,"column":33},"end":{"line":39,"column":1}},"22":{"start":{"line":37,"column":2},"end":{"line":37,"column":null}},"23":{"start":{"line":38,"column":2},"end":{"line":38,"column":44}},"24":{"start":{"line":36,"column":13},"end":{"line":36,"column":33}},"25":{"start":{"line":42,"column":35},"end":{"line":47,"column":1}},"26":{"start":{"line":43,"column":25},"end":{"line":45,"column":6}},"27":{"start":{"line":46,"column":4},"end":{"line":46,"column":24}},"28":{"start":{"line":42,"column":13},"end":{"line":42,"column":35}},"29":{"start":{"line":50,"column":49},"end":{"line":57,"column":1}},"30":{"start":{"line":51,"column":2},"end":{"line":56,"column":5}},"31":{"start":{"line":50,"column":13},"end":{"line":50,"column":49}}},"fnMap":{"0":{"name":"(anonymous_1)","decl":{"start":{"line":7,"column":34},"end":{"line":7,"column":39}},"loc":{"start":{"line":7,"column":45},"end":{"line":10,"column":1}}},"1":{"name":"(anonymous_2)","decl":{"start":{"line":13,"column":34},"end":{"line":13,"column":39}},"loc":{"start":{"line":13,"column":55},"end":{"line":18,"column":1}}},"2":{"name":"(anonymous_3)","decl":{"start":{"line":21,"column":33},"end":{"line":21,"column":38}},"loc":{"start":{"line":21,"column":70},"end":{"line":27,"column":1}}},"3":{"name":"(anonymous_4)","decl":{"start":{"line":30,"column":34},"end":{"line":30,"column":39}},"loc":{"start":{"line":30,"column":83},"end":{"line":33,"column":1}}},"4":{"name":"(anonymous_5)","decl":{"start":{"line":36,"column":33},"end":{"line":36,"column":38}},"loc":{"start":{"line":36,"column":54},"end":{"line":39,"column":1}}},"5":{"name":"(anonymous_6)","decl":{"start":{"line":42,"column":35},"end":{"line":42,"column":40}},"loc":{"start":{"line":42,"column":56},"end":{"line":47,"column":1}}},"6":{"name":"(anonymous_7)","decl":{"start":{"line":50,"column":49},"end":{"line":50,"column":54}},"loc":{"start":{"line":50,"column":60},"end":{"line":57,"column":1}}}},"branchMap":{"0":{"loc":{"start":{"line":23,"column":4},"end":{"line":25,"column":5}},"type":"if","locations":[{"start":{"line":23,"column":4},"end":{"line":25,"column":5}}]}},"s":{"0":4,"1":4,"2":4,"3":4,"4":0,"5":0,"6":4,"7":4,"8":0,"9":0,"10":4,"11":4,"12":0,"13":0,"14":0,"15":0,"16":4,"17":4,"18":0,"19":0,"20":4,"21":4,"22":0,"23":0,"24":4,"25":4,"26":0,"27":0,"28":4,"29":4,"30":0,"31":4},"f":{"0":0,"1":0,"2":0,"3":0,"4":0,"5":0,"6":0},"b":{"0":[0]}}
}
