TN:
SF:src\index.ts
FN:12,(anonymous_1)
FN:29,(anonymous_2)
FNF:2
FNH:1
FNDA:4,(anonymous_1)
FNDA:0,(anonymous_2)
DA:3,4
DA:4,4
DA:5,4
DA:6,4
DA:7,4
DA:8,4
DA:9,4
DA:10,4
DA:12,4
DA:13,4
DA:16,4
DA:19,4
DA:20,4
DA:21,4
DA:22,4
DA:23,4
DA:24,4
DA:25,4
DA:26,4
DA:29,4
DA:30,0
DA:33,4
DA:36,4
DA:37,4
LF:24
LH:23
BRF:0
BRH:0
end_of_record
TN:
SF:src\booking\booking.controller.ts
FN:5,(anonymous_9)
FN:18,(anonymous_10)
FN:44,(anonymous_11)
FN:62,(anonymous_12)
FN:82,(anonymous_13)
FN:102,(anonymous_14)
FNF:6
FNH:0
FNDA:0,(anonymous_9)
FNDA:0,(anonymous_10)
FNDA:0,(anonymous_11)
FNDA:0,(anonymous_12)
FNDA:0,(anonymous_13)
FNDA:0,(anonymous_14)
DA:2,4
DA:5,4
DA:6,0
DA:7,0
DA:8,0
DA:9,0
DA:11,0
DA:12,0
DA:13,0
DA:18,4
DA:19,0
DA:20,0
DA:22,0
DA:23,0
DA:24,0
DA:27,0
DA:29,0
DA:30,0
DA:31,0
DA:34,0
DA:36,0
DA:38,0
DA:39,0
DA:44,4
DA:45,0
DA:46,0
DA:48,0
DA:49,0
DA:50,0
DA:52,0
DA:53,0
DA:55,0
DA:56,0
DA:57,0
DA:62,4
DA:63,0
DA:64,0
DA:66,0
DA:67,0
DA:68,0
DA:71,0
DA:72,0
DA:73,0
DA:75,0
DA:76,0
DA:77,0
DA:82,4
DA:83,0
DA:84,0
DA:86,0
DA:87,0
DA:88,0
DA:91,0
DA:92,0
DA:93,0
DA:95,0
DA:96,0
DA:97,0
DA:102,4
DA:103,0
DA:104,0
DA:106,0
DA:107,0
DA:108,0
DA:111,0
DA:113,0
DA:114,0
DA:115,0
DA:117,0
DA:118,0
DA:120,0
DA:121,0
DA:122,0
LF:73
LH:7
BRDA:12,0,0,0
BRDA:12,0,1,0
BRDA:22,1,0,0
BRDA:29,2,0,0
BRDA:48,3,0,0
BRDA:56,4,0,0
BRDA:56,4,1,0
BRDA:66,5,0,0
BRDA:76,6,0,0
BRDA:76,6,1,0
BRDA:86,7,0,0
BRDA:96,8,0,0
BRDA:96,8,1,0
BRDA:106,9,0,0
BRDA:113,10,0,0
BRDA:113,11,0,0
BRDA:113,11,1,0
BRDA:121,12,0,0
BRDA:121,12,1,0
BRF:19
BRH:0
end_of_record
TN:
SF:src\booking\booking.route.ts
FN:8,(anonymous_0)
FN:11,(anonymous_1)
FN:22,(anonymous_2)
FN:33,(anonymous_3)
FN:44,(anonymous_4)
FN:55,(anonymous_5)
FN:66,(anonymous_6)
FNF:7
FNH:1
FNDA:4,(anonymous_0)
FNDA:0,(anonymous_1)
FNDA:0,(anonymous_2)
FNDA:0,(anonymous_3)
FNDA:0,(anonymous_4)
FNDA:0,(anonymous_5)
FNDA:0,(anonymous_6)
DA:2,4
DA:8,4
DA:10,4
DA:12,0
DA:13,0
DA:15,0
DA:21,4
DA:23,0
DA:24,0
DA:26,0
DA:32,4
DA:34,0
DA:35,0
DA:37,0
DA:43,4
DA:45,0
DA:46,0
DA:48,0
DA:54,4
DA:56,0
DA:57,0
DA:59,0
DA:65,4
DA:67,0
DA:68,0
DA:70,0
DA:77,4
LF:27
LH:9
BRF:0
BRH:0
end_of_record
TN:
SF:src\booking\booking.service.ts
FN:7,(anonymous_1)
FN:13,(anonymous_2)
FN:21,(anonymous_3)
FN:30,(anonymous_4)
FN:36,(anonymous_5)
FN:42,(anonymous_6)
FNF:6
FNH:0
FNDA:0,(anonymous_1)
FNDA:0,(anonymous_2)
FNDA:0,(anonymous_3)
FNDA:0,(anonymous_4)
FNDA:0,(anonymous_5)
FNDA:0,(anonymous_6)
DA:1,4
DA:2,4
DA:3,4
DA:7,4
DA:8,0
DA:9,0
DA:13,4
DA:14,0
DA:17,0
DA:21,4
DA:22,0
DA:23,0
DA:24,0
DA:26,0
DA:30,4
DA:31,0
DA:32,0
DA:36,4
DA:37,0
DA:38,0
DA:42,4
DA:43,0
DA:46,0
LF:23
LH:9
BRDA:23,0,0,0
BRF:1
BRH:0
end_of_record
TN:
SF:src\car\car.controller.ts
FN:5,(anonymous_9)
FN:18,(anonymous_10)
FN:44,(anonymous_11)
FN:62,(anonymous_12)
FN:87,(anonymous_13)
FN:107,(anonymous_14)
FNF:6
FNH:5
FNDA:1,(anonymous_9)
FNDA:3,(anonymous_10)
FNDA:2,(anonymous_11)
FNDA:3,(anonymous_12)
FNDA:4,(anonymous_13)
FNDA:0,(anonymous_14)
DA:2,4
DA:5,4
DA:6,1
DA:7,1
DA:8,1
DA:9,1
DA:11,0
DA:12,0
DA:13,0
DA:18,4
DA:19,3
DA:20,3
DA:22,3
DA:23,1
DA:24,1
DA:27,2
DA:29,2
DA:30,1
DA:31,1
DA:34,1
DA:36,1
DA:38,0
DA:39,0
DA:44,4
DA:45,2
DA:46,2
DA:48,1
DA:49,0
DA:50,0
DA:52,1
DA:53,1
DA:55,1
DA:56,1
DA:57,1
DA:62,4
DA:63,3
DA:64,3
DA:66,3
DA:67,1
DA:68,1
DA:71,2
DA:73,2
DA:74,1
DA:77,1
DA:78,1
DA:80,0
DA:81,0
DA:82,0
DA:87,4
DA:88,4
DA:89,4
DA:91,4
DA:92,1
DA:93,1
DA:96,3
DA:97,3
DA:98,3
DA:100,0
DA:101,0
DA:102,0
DA:107,4
DA:108,0
DA:109,0
DA:111,0
DA:112,0
DA:113,0
DA:116,0
DA:118,0
DA:119,0
DA:120,0
DA:122,0
DA:123,0
DA:125,0
DA:126,0
DA:127,0
LF:75
LH:48
BRDA:12,0,0,0
BRDA:12,0,1,0
BRDA:22,1,0,1
BRDA:29,2,0,1
BRDA:48,3,0,0
BRDA:56,4,0,1
BRDA:56,4,1,0
BRDA:66,5,0,1
BRDA:73,6,0,1
BRDA:81,7,0,0
BRDA:81,7,1,0
BRDA:91,8,0,1
BRDA:101,9,0,0
BRDA:101,9,1,0
BRDA:111,10,0,0
BRDA:118,11,0,0
BRDA:118,12,0,0
BRDA:118,12,1,0
BRDA:126,13,0,0
BRDA:126,13,1,0
BRF:20
BRH:6
end_of_record
TN:
SF:src\car\car.route.ts
FN:7,(anonymous_0)
FN:10,(anonymous_1)
FN:21,(anonymous_2)
FN:32,(anonymous_3)
FN:43,(anonymous_4)
FN:54,(anonymous_5)
FN:65,(anonymous_6)
FNF:7
FNH:6
FNDA:4,(anonymous_0)
FNDA:2,(anonymous_1)
FNDA:1,(anonymous_2)
FNDA:3,(anonymous_3)
FNDA:3,(anonymous_4)
FNDA:4,(anonymous_5)
FNDA:0,(anonymous_6)
DA:2,4
DA:7,4
DA:9,4
DA:11,2
DA:12,2
DA:14,0
DA:20,4
DA:22,1
DA:23,1
DA:25,0
DA:31,4
DA:33,3
DA:34,3
DA:36,0
DA:42,4
DA:44,3
DA:45,3
DA:47,0
DA:53,4
DA:55,4
DA:56,4
DA:58,0
DA:64,4
DA:66,0
DA:67,0
DA:69,0
DA:76,4
LF:27
LH:19
BRF:0
BRH:0
end_of_record
TN:
SF:src\car\car.service.ts
FN:7,(anonymous_1)
FN:13,(anonymous_2)
FN:21,(anonymous_3)
FN:30,(anonymous_4)
FN:46,(anonymous_5)
FN:52,(anonymous_6)
FNF:6
FNH:5
FNDA:1,(anonymous_1)
FNDA:2,(anonymous_2)
FNDA:2,(anonymous_3)
FNDA:2,(anonymous_4)
FNDA:3,(anonymous_5)
FNDA:0,(anonymous_6)
DA:1,4
DA:2,4
DA:3,4
DA:7,4
DA:8,1
DA:9,1
DA:13,4
DA:14,2
DA:17,2
DA:21,4
DA:22,2
DA:23,1
DA:24,1
DA:26,0
DA:30,4
DA:31,2
DA:37,2
DA:38,1
DA:41,1
DA:46,4
DA:47,3
DA:48,3
DA:52,4
DA:53,0
DA:56,0
LF:25
LH:22
BRDA:23,0,0,1
BRDA:37,1,0,1
BRDA:37,2,0,2
BRDA:37,2,1,2
BRF:4
BRH:4
end_of_record
TN:
SF:src\customer\customer.controller.ts
FN:9,(anonymous_10)
FN:22,(anonymous_11)
FN:48,(anonymous_12)
FN:91,(anonymous_13)
FN:134,(anonymous_14)
FN:154,(anonymous_15)
FN:174,(anonymous_16)
FN:191,(anonymous_17)
FN:216,(anonymous_18)
FN:271,(anonymous_19)
FNF:10
FNH:2
FNDA:0,(anonymous_10)
FNDA:0,(anonymous_11)
FNDA:4,(anonymous_12)
FNDA:0,(anonymous_13)
FNDA:0,(anonymous_14)
FNDA:0,(anonymous_15)
FNDA:0,(anonymous_16)
FNDA:0,(anonymous_17)
FNDA:3,(anonymous_18)
FNDA:0,(anonymous_19)
DA:2,4
DA:3,4
DA:4,4
DA:5,4
DA:6,4
DA:9,4
DA:10,0
DA:11,0
DA:12,0
DA:13,0
DA:15,0
DA:16,0
DA:17,0
DA:22,4
DA:23,0
DA:24,0
DA:26,0
DA:27,0
DA:28,0
DA:31,0
DA:33,0
DA:34,0
DA:35,0
DA:38,0
DA:40,0
DA:42,0
DA:43,0
DA:48,4
DA:49,4
DA:51,4
DA:52,4
DA:53,4
DA:54,3
DA:57,3
DA:58,3
DA:59,3
DA:61,3
DA:63,1
DA:64,0
DA:65,0
DA:67,1
DA:68,1
DA:79,0
DA:81,1
DA:82,1
DA:84,3
DA:85,3
DA:86,3
DA:91,4
DA:92,0
DA:93,0
DA:94,0
DA:95,0
DA:96,0
DA:97,0
DA:100,0
DA:101,0
DA:104,0
DA:105,0
DA:116,0
DA:118,0
DA:119,0
DA:121,0
DA:122,0
DA:126,0
DA:127,0
DA:134,4
DA:135,0
DA:136,0
DA:138,0
DA:139,0
DA:140,0
DA:143,0
DA:144,0
DA:145,0
DA:147,0
DA:148,0
DA:149,0
DA:154,4
DA:155,0
DA:156,0
DA:158,0
DA:159,0
DA:160,0
DA:163,0
DA:164,0
DA:165,0
DA:167,0
DA:168,0
DA:169,0
DA:174,4
DA:175,0
DA:176,0
DA:178,0
DA:179,0
DA:180,0
DA:182,0
DA:183,0
DA:185,0
DA:186,0
DA:191,4
DA:192,0
DA:193,0
DA:195,0
DA:196,0
DA:197,0
DA:200,0
DA:202,0
DA:203,0
DA:204,0
DA:206,0
DA:207,0
DA:209,0
DA:210,0
DA:211,0
DA:216,4
DA:218,3
DA:219,3
DA:222,3
DA:223,3
DA:224,1
DA:228,2
DA:229,2
DA:230,1
DA:234,1
DA:244,1
DA:245,1
DA:246,0
DA:248,1
DA:251,1
DA:265,0
DA:271,4
DA:272,0
DA:273,0
DA:274,0
DA:276,0
DA:277,0
LF:137
LH:45
BRDA:16,0,0,0
BRDA:16,0,1,0
BRDA:26,1,0,0
BRDA:33,2,0,0
BRDA:63,3,0,0
BRDA:85,4,0,3
BRDA:85,4,1,0
BRDA:95,5,0,0
BRDA:100,6,0,0
BRDA:100,6,1,0
BRDA:138,7,0,0
BRDA:148,8,0,0
BRDA:148,8,1,0
BRDA:158,9,0,0
BRDA:168,10,0,0
BRDA:168,10,1,0
BRDA:178,11,0,0
BRDA:195,12,0,0
BRDA:202,13,0,0
BRDA:202,14,0,0
BRDA:202,14,1,0
BRDA:210,15,0,0
BRDA:210,15,1,0
BRDA:223,16,0,1
BRDA:229,17,0,1
BRDA:245,18,0,0
BRF:26
BRH:3
end_of_record
TN:
SF:src\customer\customer.route.ts
FN:8,(anonymous_0)
FN:11,(anonymous_1)
FN:22,(anonymous_2)
FN:33,(anonymous_3)
FN:44,(anonymous_4)
FN:55,(anonymous_5)
FN:66,(anonymous_6)
FN:77,(anonymous_7)
FN:88,(anonymous_8)
FN:99,(anonymous_9)
FN:110,(anonymous_10)
FNF:11
FNH:3
FNDA:4,(anonymous_0)
FNDA:4,(anonymous_1)
FNDA:0,(anonymous_2)
FNDA:0,(anonymous_3)
FNDA:0,(anonymous_4)
FNDA:0,(anonymous_5)
FNDA:0,(anonymous_6)
FNDA:3,(anonymous_7)
FNDA:0,(anonymous_8)
FNDA:0,(anonymous_9)
FNDA:0,(anonymous_10)
DA:2,4
DA:8,4
DA:10,4
DA:12,4
DA:13,4
DA:15,0
DA:21,4
DA:23,0
DA:24,0
DA:26,0
DA:32,4
DA:34,0
DA:35,0
DA:37,0
DA:43,4
DA:45,0
DA:46,0
DA:48,0
DA:54,4
DA:56,0
DA:57,0
DA:59,0
DA:65,4
DA:67,0
DA:68,0
DA:70,0
DA:76,4
DA:78,3
DA:79,3
DA:81,0
DA:87,4
DA:89,0
DA:90,0
DA:92,0
DA:98,4
DA:100,0
DA:101,0
DA:103,0
DA:109,4
DA:111,0
DA:112,0
DA:114,0
DA:121,4
LF:43
LH:17
BRF:0
BRH:0
end_of_record
TN:
SF:src\customer\customer.service.ts
FN:7,(anonymous_1)
FN:13,(anonymous_2)
FN:21,(anonymous_3)
FN:27,(anonymous_4)
FN:34,(anonymous_5)
FN:41,(anonymous_6)
FN:47,(anonymous_7)
FN:53,(anonymous_8)
FN:61,(anonymous_9)
FN:80,(anonymous_10)
FN:89,(anonymous_11)
FNF:11
FNH:2
FNDA:0,(anonymous_1)
FNDA:0,(anonymous_2)
FNDA:3,(anonymous_3)
FNDA:0,(anonymous_4)
FNDA:0,(anonymous_5)
FNDA:0,(anonymous_6)
FNDA:0,(anonymous_7)
FNDA:0,(anonymous_8)
FNDA:3,(anonymous_9)
FNDA:0,(anonymous_10)
FNDA:0,(anonymous_11)
DA:1,4
DA:2,4
DA:3,4
DA:7,4
DA:8,0
DA:9,0
DA:13,4
DA:14,0
DA:17,0
DA:21,4
DA:22,3
DA:23,1
DA:27,4
DA:28,0
DA:34,4
DA:35,0
DA:41,4
DA:42,0
DA:43,0
DA:47,4
DA:48,0
DA:49,0
DA:53,4
DA:54,0
DA:57,0
DA:61,4
DA:63,3
DA:64,3
DA:80,4
DA:81,0
DA:89,4
DA:90,0
DA:104,0
LF:33
LH:18
BRF:0
BRH:0
end_of_record
TN:
SF:src\insurance\insurance.controller.ts
FN:5,(anonymous_9)
FN:18,(anonymous_10)
FN:44,(anonymous_11)
FN:62,(anonymous_12)
FN:82,(anonymous_13)
FN:102,(anonymous_14)
FNF:6
FNH:0
FNDA:0,(anonymous_9)
FNDA:0,(anonymous_10)
FNDA:0,(anonymous_11)
FNDA:0,(anonymous_12)
FNDA:0,(anonymous_13)
FNDA:0,(anonymous_14)
DA:2,4
DA:5,4
DA:6,0
DA:7,0
DA:8,0
DA:9,0
DA:11,0
DA:12,0
DA:13,0
DA:18,4
DA:19,0
DA:20,0
DA:22,0
DA:23,0
DA:24,0
DA:27,0
DA:29,0
DA:30,0
DA:31,0
DA:34,0
DA:36,0
DA:38,0
DA:39,0
DA:44,4
DA:45,0
DA:46,0
DA:48,0
DA:49,0
DA:50,0
DA:52,0
DA:53,0
DA:55,0
DA:56,0
DA:57,0
DA:62,4
DA:63,0
DA:64,0
DA:66,0
DA:67,0
DA:68,0
DA:71,0
DA:72,0
DA:73,0
DA:75,0
DA:76,0
DA:77,0
DA:82,4
DA:83,0
DA:84,0
DA:86,0
DA:87,0
DA:88,0
DA:91,0
DA:92,0
DA:93,0
DA:95,0
DA:96,0
DA:97,0
DA:102,4
DA:103,0
DA:104,0
DA:106,0
DA:107,0
DA:108,0
DA:111,0
DA:113,0
DA:114,0
DA:115,0
DA:117,0
DA:118,0
DA:120,0
DA:121,0
DA:122,0
LF:73
LH:7
BRDA:12,0,0,0
BRDA:12,0,1,0
BRDA:22,1,0,0
BRDA:29,2,0,0
BRDA:48,3,0,0
BRDA:56,4,0,0
BRDA:56,4,1,0
BRDA:66,5,0,0
BRDA:76,6,0,0
BRDA:76,6,1,0
BRDA:86,7,0,0
BRDA:96,8,0,0
BRDA:96,8,1,0
BRDA:106,9,0,0
BRDA:113,10,0,0
BRDA:113,11,0,0
BRDA:113,11,1,0
BRDA:121,12,0,0
BRDA:121,12,1,0
BRF:19
BRH:0
end_of_record
TN:
SF:src\insurance\insurance.route.ts
FN:9,(anonymous_0)
FN:12,(anonymous_1)
FN:23,(anonymous_2)
FN:34,(anonymous_3)
FN:45,(anonymous_4)
FN:56,(anonymous_5)
FN:67,(anonymous_6)
FNF:7
FNH:1
FNDA:4,(anonymous_0)
FNDA:0,(anonymous_1)
FNDA:0,(anonymous_2)
FNDA:0,(anonymous_3)
FNDA:0,(anonymous_4)
FNDA:0,(anonymous_5)
FNDA:0,(anonymous_6)
DA:2,4
DA:9,4
DA:11,4
DA:13,0
DA:14,0
DA:16,0
DA:22,4
DA:24,0
DA:25,0
DA:27,0
DA:33,4
DA:35,0
DA:36,0
DA:38,0
DA:44,4
DA:46,0
DA:47,0
DA:49,0
DA:55,4
DA:57,0
DA:58,0
DA:60,0
DA:66,4
DA:68,0
DA:69,0
DA:71,0
DA:78,4
LF:27
LH:9
BRF:0
BRH:0
end_of_record
TN:
SF:src\insurance\insurance.service.ts
FN:7,(anonymous_1)
FN:13,(anonymous_2)
FN:21,(anonymous_3)
FN:30,(anonymous_4)
FN:36,(anonymous_5)
FN:42,(anonymous_6)
FNF:6
FNH:0
FNDA:0,(anonymous_1)
FNDA:0,(anonymous_2)
FNDA:0,(anonymous_3)
FNDA:0,(anonymous_4)
FNDA:0,(anonymous_5)
FNDA:0,(anonymous_6)
DA:1,4
DA:2,4
DA:3,4
DA:7,4
DA:8,0
DA:9,0
DA:13,4
DA:14,0
DA:17,0
DA:21,4
DA:22,0
DA:23,0
DA:24,0
DA:26,0
DA:30,4
DA:31,0
DA:32,0
DA:36,4
DA:37,0
DA:38,0
DA:42,4
DA:43,0
DA:46,0
LF:23
LH:9
BRDA:23,0,0,0
BRF:1
BRH:0
end_of_record
TN:
SF:src\location\location.controller.ts
FN:5,(anonymous_9)
FN:18,(anonymous_10)
FN:44,(anonymous_11)
FN:62,(anonymous_12)
FN:86,(anonymous_13)
FN:106,(anonymous_14)
FNF:6
FNH:5
FNDA:1,(anonymous_9)
FNDA:3,(anonymous_10)
FNDA:2,(anonymous_11)
FNDA:3,(anonymous_12)
FNDA:2,(anonymous_13)
FNDA:0,(anonymous_14)
DA:2,4
DA:5,4
DA:6,1
DA:7,1
DA:8,1
DA:9,1
DA:11,0
DA:12,0
DA:13,0
DA:18,4
DA:19,3
DA:20,3
DA:22,3
DA:23,1
DA:24,1
DA:27,2
DA:29,2
DA:30,1
DA:31,1
DA:34,1
DA:36,1
DA:38,0
DA:39,0
DA:44,4
DA:45,2
DA:46,2
DA:48,1
DA:49,0
DA:50,0
DA:52,1
DA:53,1
DA:55,1
DA:56,1
DA:57,1
DA:62,4
DA:63,3
DA:64,3
DA:66,3
DA:67,1
DA:68,1
DA:71,2
DA:73,2
DA:74,1
DA:76,1
DA:77,1
DA:79,0
DA:80,0
DA:81,0
DA:86,4
DA:87,2
DA:88,2
DA:90,2
DA:91,1
DA:92,1
DA:95,1
DA:96,1
DA:97,1
DA:99,0
DA:100,0
DA:101,0
DA:106,4
DA:107,0
DA:108,0
DA:110,0
DA:111,0
DA:112,0
DA:115,0
DA:117,0
DA:118,0
DA:119,0
DA:121,0
DA:122,0
DA:124,0
DA:125,0
DA:126,0
LF:75
LH:48
BRDA:12,0,0,0
BRDA:12,0,1,0
BRDA:22,1,0,1
BRDA:29,2,0,1
BRDA:48,3,0,0
BRDA:56,4,0,1
BRDA:56,4,1,0
BRDA:66,5,0,1
BRDA:73,6,0,1
BRDA:80,7,0,0
BRDA:80,7,1,0
BRDA:90,8,0,1
BRDA:100,9,0,0
BRDA:100,9,1,0
BRDA:110,10,0,0
BRDA:117,11,0,0
BRDA:117,12,0,0
BRDA:117,12,1,0
BRDA:125,13,0,0
BRDA:125,13,1,0
BRF:20
BRH:6
end_of_record
TN:
SF:src\location\location.route.ts
FN:7,(anonymous_0)
FN:10,(anonymous_1)
FN:21,(anonymous_2)
FN:32,(anonymous_3)
FN:43,(anonymous_4)
FN:54,(anonymous_5)
FN:65,(anonymous_6)
FNF:7
FNH:6
FNDA:4,(anonymous_0)
FNDA:2,(anonymous_1)
FNDA:1,(anonymous_2)
FNDA:3,(anonymous_3)
FNDA:3,(anonymous_4)
FNDA:2,(anonymous_5)
FNDA:0,(anonymous_6)
DA:2,4
DA:7,4
DA:9,4
DA:11,2
DA:12,2
DA:14,0
DA:20,4
DA:22,1
DA:23,1
DA:25,0
DA:31,4
DA:33,3
DA:34,3
DA:36,0
DA:42,4
DA:44,3
DA:45,3
DA:47,0
DA:53,4
DA:55,2
DA:56,2
DA:58,0
DA:64,4
DA:66,0
DA:67,0
DA:69,0
DA:76,4
LF:27
LH:19
BRF:0
BRH:0
end_of_record
TN:
SF:src\location\location.service.ts
FN:7,(anonymous_1)
FN:13,(anonymous_2)
FN:21,(anonymous_3)
FN:30,(anonymous_4)
FN:45,(anonymous_5)
FN:51,(anonymous_6)
FNF:6
FNH:5
FNDA:1,(anonymous_1)
FNDA:2,(anonymous_2)
FNDA:2,(anonymous_3)
FNDA:2,(anonymous_4)
FNDA:1,(anonymous_5)
FNDA:0,(anonymous_6)
DA:1,4
DA:2,4
DA:3,4
DA:7,4
DA:8,1
DA:9,1
DA:13,4
DA:14,2
DA:17,2
DA:21,4
DA:22,2
DA:23,1
DA:24,1
DA:26,0
DA:30,4
DA:31,2
DA:37,2
DA:38,1
DA:41,1
DA:45,4
DA:46,1
DA:47,1
DA:51,4
DA:52,0
DA:55,0
LF:25
LH:22
BRDA:23,0,0,1
BRDA:37,1,0,1
BRDA:37,2,0,2
BRDA:37,2,1,2
BRF:4
BRH:4
end_of_record
TN:
SF:src\mailer\mailer.ts
FN:3,(anonymous_1)
FNF:1
FNH:1
FNDA:1,(anonymous_1)
DA:1,4
DA:3,4
DA:9,1
DA:10,1
DA:21,1
DA:29,1
DA:30,1
DA:32,1
DA:33,1
DA:34,0
DA:35,0
DA:37,0
DA:40,0
LF:13
LH:9
BRDA:32,0,0,1
BRDA:32,0,1,0
BRDA:34,1,0,0
BRDA:34,1,1,0
BRF:4
BRH:1
end_of_record
TN:
SF:src\maintenance\maintenance.controller.ts
FN:5,(anonymous_9)
FN:18,(anonymous_10)
FN:44,(anonymous_11)
FN:62,(anonymous_12)
FN:82,(anonymous_13)
FN:102,(anonymous_14)
FNF:6
FNH:0
FNDA:0,(anonymous_9)
FNDA:0,(anonymous_10)
FNDA:0,(anonymous_11)
FNDA:0,(anonymous_12)
FNDA:0,(anonymous_13)
FNDA:0,(anonymous_14)
DA:2,4
DA:5,4
DA:6,0
DA:7,0
DA:8,0
DA:9,0
DA:11,0
DA:12,0
DA:13,0
DA:18,4
DA:19,0
DA:20,0
DA:22,0
DA:23,0
DA:24,0
DA:27,0
DA:29,0
DA:30,0
DA:31,0
DA:34,0
DA:36,0
DA:38,0
DA:39,0
DA:44,4
DA:45,0
DA:46,0
DA:48,0
DA:49,0
DA:50,0
DA:52,0
DA:53,0
DA:55,0
DA:56,0
DA:57,0
DA:62,4
DA:63,0
DA:64,0
DA:66,0
DA:67,0
DA:68,0
DA:71,0
DA:72,0
DA:73,0
DA:75,0
DA:76,0
DA:77,0
DA:82,4
DA:83,0
DA:84,0
DA:86,0
DA:87,0
DA:88,0
DA:91,0
DA:92,0
DA:93,0
DA:95,0
DA:96,0
DA:97,0
DA:102,4
DA:103,0
DA:104,0
DA:106,0
DA:107,0
DA:108,0
DA:111,0
DA:113,0
DA:114,0
DA:115,0
DA:117,0
DA:118,0
DA:120,0
DA:121,0
DA:122,0
LF:73
LH:7
BRDA:12,0,0,0
BRDA:12,0,1,0
BRDA:22,1,0,0
BRDA:29,2,0,0
BRDA:48,3,0,0
BRDA:56,4,0,0
BRDA:56,4,1,0
BRDA:66,5,0,0
BRDA:76,6,0,0
BRDA:76,6,1,0
BRDA:86,7,0,0
BRDA:96,8,0,0
BRDA:96,8,1,0
BRDA:106,9,0,0
BRDA:113,10,0,0
BRDA:113,11,0,0
BRDA:113,11,1,0
BRDA:121,12,0,0
BRDA:121,12,1,0
BRF:19
BRH:0
end_of_record
TN:
SF:src\maintenance\maintenance.route.ts
FN:7,(anonymous_0)
FN:10,(anonymous_1)
FN:21,(anonymous_2)
FN:32,(anonymous_3)
FN:43,(anonymous_4)
FN:54,(anonymous_5)
FN:65,(anonymous_6)
FNF:7
FNH:1
FNDA:4,(anonymous_0)
FNDA:0,(anonymous_1)
FNDA:0,(anonymous_2)
FNDA:0,(anonymous_3)
FNDA:0,(anonymous_4)
FNDA:0,(anonymous_5)
FNDA:0,(anonymous_6)
DA:2,4
DA:7,4
DA:9,4
DA:11,0
DA:12,0
DA:14,0
DA:20,4
DA:22,0
DA:23,0
DA:25,0
DA:31,4
DA:33,0
DA:34,0
DA:36,0
DA:42,4
DA:44,0
DA:45,0
DA:47,0
DA:53,4
DA:55,0
DA:56,0
DA:58,0
DA:64,4
DA:66,0
DA:67,0
DA:69,0
DA:76,4
LF:27
LH:9
BRF:0
BRH:0
end_of_record
TN:
SF:src\maintenance\maintenance.service.ts
FN:7,(anonymous_1)
FN:13,(anonymous_2)
FN:21,(anonymous_3)
FN:30,(anonymous_4)
FN:36,(anonymous_5)
FN:42,(anonymous_6)
FNF:6
FNH:0
FNDA:0,(anonymous_1)
FNDA:0,(anonymous_2)
FNDA:0,(anonymous_3)
FNDA:0,(anonymous_4)
FNDA:0,(anonymous_5)
FNDA:0,(anonymous_6)
DA:1,4
DA:2,4
DA:3,4
DA:7,4
DA:8,0
DA:9,0
DA:13,4
DA:14,0
DA:17,0
DA:21,4
DA:22,0
DA:23,0
DA:24,0
DA:26,0
DA:30,4
DA:31,0
DA:32,0
DA:36,4
DA:37,0
DA:38,0
DA:42,4
DA:43,0
DA:46,0
LF:23
LH:9
BRDA:23,0,0,0
BRF:1
BRH:0
end_of_record
TN:
SF:src\middleware\bearAuth.ts
FN:28,(anonymous_1)
FN:29,(anonymous_2)
FNF:2
FNH:1
FNDA:12,(anonymous_1)
FNDA:0,(anonymous_2)
DA:1,4
DA:2,4
DA:28,4
DA:29,12
DA:30,0
DA:32,0
DA:33,0
DA:34,0
DA:37,0
DA:39,0
DA:40,0
DA:41,0
DA:44,0
DA:49,0
DA:50,0
DA:51,0
DA:52,0
DA:55,0
DA:56,0
DA:57,0
DA:59,0
DA:60,0
DA:62,0
DA:63,0
DA:67,0
DA:68,0
DA:74,4
DA:75,4
DA:76,4
LF:29
LH:7
BRDA:32,0,0,0
BRDA:32,1,0,0
BRDA:32,1,1,0
BRDA:44,2,0,0
BRDA:44,2,1,0
BRDA:45,3,0,0
BRDA:45,3,1,0
BRDA:45,3,2,0
BRDA:49,4,0,0
BRDA:49,4,1,0
BRDA:50,5,0,0
BRDA:50,6,0,0
BRDA:50,6,1,0
BRDA:55,7,0,0
BRF:14
BRH:0
end_of_record
TN:
SF:src\payment\payment.controller.ts
FN:5,(anonymous_9)
FN:18,(anonymous_10)
FN:44,(anonymous_11)
FN:62,(anonymous_12)
FN:82,(anonymous_13)
FN:102,(anonymous_14)
FNF:6
FNH:0
FNDA:0,(anonymous_9)
FNDA:0,(anonymous_10)
FNDA:0,(anonymous_11)
FNDA:0,(anonymous_12)
FNDA:0,(anonymous_13)
FNDA:0,(anonymous_14)
DA:2,4
DA:5,4
DA:6,0
DA:7,0
DA:8,0
DA:9,0
DA:11,0
DA:12,0
DA:13,0
DA:18,4
DA:19,0
DA:20,0
DA:22,0
DA:23,0
DA:24,0
DA:27,0
DA:29,0
DA:30,0
DA:31,0
DA:34,0
DA:36,0
DA:38,0
DA:39,0
DA:44,4
DA:45,0
DA:46,0
DA:48,0
DA:49,0
DA:50,0
DA:52,0
DA:53,0
DA:55,0
DA:56,0
DA:57,0
DA:62,4
DA:63,0
DA:64,0
DA:66,0
DA:67,0
DA:68,0
DA:71,0
DA:72,0
DA:73,0
DA:75,0
DA:76,0
DA:77,0
DA:82,4
DA:83,0
DA:84,0
DA:86,0
DA:87,0
DA:88,0
DA:91,0
DA:92,0
DA:93,0
DA:95,0
DA:96,0
DA:97,0
DA:102,4
DA:103,0
DA:104,0
DA:106,0
DA:107,0
DA:108,0
DA:111,0
DA:113,0
DA:114,0
DA:115,0
DA:117,0
DA:118,0
DA:120,0
DA:121,0
DA:122,0
LF:73
LH:7
BRDA:12,0,0,0
BRDA:12,0,1,0
BRDA:22,1,0,0
BRDA:29,2,0,0
BRDA:48,3,0,0
BRDA:56,4,0,0
BRDA:56,4,1,0
BRDA:66,5,0,0
BRDA:76,6,0,0
BRDA:76,6,1,0
BRDA:86,7,0,0
BRDA:96,8,0,0
BRDA:96,8,1,0
BRDA:106,9,0,0
BRDA:113,10,0,0
BRDA:113,11,0,0
BRDA:113,11,1,0
BRDA:121,12,0,0
BRDA:121,12,1,0
BRF:19
BRH:0
end_of_record
TN:
SF:src\payment\payment.route.ts
FN:9,(anonymous_0)
FN:13,(anonymous_1)
FN:25,(anonymous_2)
FN:37,(anonymous_3)
FN:49,(anonymous_4)
FN:61,(anonymous_5)
FN:73,(anonymous_6)
FNF:7
FNH:1
FNDA:4,(anonymous_0)
FNDA:0,(anonymous_1)
FNDA:0,(anonymous_2)
FNDA:0,(anonymous_3)
FNDA:0,(anonymous_4)
FNDA:0,(anonymous_5)
FNDA:0,(anonymous_6)
DA:2,4
DA:4,4
DA:9,4
DA:11,4
DA:14,0
DA:15,0
DA:17,0
DA:23,4
DA:26,0
DA:27,0
DA:29,0
DA:35,4
DA:38,0
DA:39,0
DA:41,0
DA:47,4
DA:50,0
DA:51,0
DA:53,0
DA:59,4
DA:62,0
DA:63,0
DA:65,0
DA:71,4
DA:74,0
DA:75,0
DA:77,0
DA:84,4
LF:28
LH:10
BRF:0
BRH:0
end_of_record
TN:
SF:src\payment\payment.service.ts
FN:7,(anonymous_1)
FN:13,(anonymous_2)
FN:21,(anonymous_3)
FN:30,(anonymous_4)
FN:36,(anonymous_5)
FN:42,(anonymous_6)
FNF:6
FNH:0
FNDA:0,(anonymous_1)
FNDA:0,(anonymous_2)
FNDA:0,(anonymous_3)
FNDA:0,(anonymous_4)
FNDA:0,(anonymous_5)
FNDA:0,(anonymous_6)
DA:1,4
DA:2,4
DA:3,4
DA:7,4
DA:8,0
DA:9,0
DA:13,4
DA:14,0
DA:17,0
DA:21,4
DA:22,0
DA:23,0
DA:24,0
DA:26,0
DA:30,4
DA:31,0
DA:32,0
DA:36,4
DA:37,0
DA:38,0
DA:42,4
DA:43,0
DA:46,0
LF:23
LH:9
BRDA:23,0,0,0
BRF:1
BRH:0
end_of_record
TN:
SF:src\reservation\reservation.controller.ts
FN:5,(anonymous_9)
FN:18,(anonymous_10)
FN:44,(anonymous_11)
FN:62,(anonymous_12)
FN:82,(anonymous_13)
FN:102,(anonymous_14)
FN:127,(anonymous_15)
FNF:7
FNH:0
FNDA:0,(anonymous_9)
FNDA:0,(anonymous_10)
FNDA:0,(anonymous_11)
FNDA:0,(anonymous_12)
FNDA:0,(anonymous_13)
FNDA:0,(anonymous_14)
FNDA:0,(anonymous_15)
DA:2,4
DA:5,4
DA:6,0
DA:7,0
DA:8,0
DA:9,0
DA:11,0
DA:12,0
DA:13,0
DA:18,4
DA:19,0
DA:20,0
DA:22,0
DA:23,0
DA:24,0
DA:27,0
DA:29,0
DA:30,0
DA:31,0
DA:34,0
DA:36,0
DA:38,0
DA:39,0
DA:44,4
DA:45,0
DA:46,0
DA:48,0
DA:49,0
DA:50,0
DA:52,0
DA:53,0
DA:55,0
DA:56,0
DA:57,0
DA:62,4
DA:63,0
DA:64,0
DA:66,0
DA:67,0
DA:68,0
DA:71,0
DA:72,0
DA:73,0
DA:75,0
DA:76,0
DA:77,0
DA:82,4
DA:83,0
DA:84,0
DA:86,0
DA:87,0
DA:88,0
DA:91,0
DA:92,0
DA:93,0
DA:95,0
DA:96,0
DA:97,0
DA:102,4
DA:103,0
DA:104,0
DA:106,0
DA:107,0
DA:108,0
DA:111,0
DA:113,0
DA:114,0
DA:115,0
DA:117,0
DA:118,0
DA:120,0
DA:121,0
DA:122,0
DA:127,4
DA:128,0
DA:129,0
DA:130,0
DA:132,0
DA:133,0
LF:79
LH:8
BRDA:12,0,0,0
BRDA:12,0,1,0
BRDA:22,1,0,0
BRDA:29,2,0,0
BRDA:48,3,0,0
BRDA:56,4,0,0
BRDA:56,4,1,0
BRDA:66,5,0,0
BRDA:76,6,0,0
BRDA:76,6,1,0
BRDA:86,7,0,0
BRDA:96,8,0,0
BRDA:96,8,1,0
BRDA:106,9,0,0
BRDA:113,10,0,0
BRDA:113,11,0,0
BRDA:113,11,1,0
BRDA:121,12,0,0
BRDA:121,12,1,0
BRF:19
BRH:0
end_of_record
TN:
SF:src\reservation\reservation.route.ts
FN:9,(anonymous_0)
FN:12,(anonymous_1)
FN:23,(anonymous_2)
FN:34,(anonymous_3)
FN:45,(anonymous_4)
FN:56,(anonymous_5)
FN:67,(anonymous_6)
FN:78,(anonymous_7)
FNF:8
FNH:1
FNDA:4,(anonymous_0)
FNDA:0,(anonymous_1)
FNDA:0,(anonymous_2)
FNDA:0,(anonymous_3)
FNDA:0,(anonymous_4)
FNDA:0,(anonymous_5)
FNDA:0,(anonymous_6)
FNDA:0,(anonymous_7)
DA:2,4
DA:9,4
DA:11,4
DA:13,0
DA:14,0
DA:16,0
DA:22,4
DA:24,0
DA:25,0
DA:27,0
DA:33,4
DA:35,0
DA:36,0
DA:38,0
DA:44,4
DA:46,0
DA:47,0
DA:49,0
DA:55,4
DA:57,0
DA:58,0
DA:60,0
DA:66,4
DA:68,0
DA:69,0
DA:71,0
DA:77,4
DA:79,0
DA:80,0
DA:82,0
DA:90,4
LF:31
LH:10
BRF:0
BRH:0
end_of_record
TN:
SF:src\reservation\reservation.service.ts
FN:7,(anonymous_1)
FN:13,(anonymous_2)
FN:21,(anonymous_3)
FN:30,(anonymous_4)
FN:36,(anonymous_5)
FN:42,(anonymous_6)
FN:50,(anonymous_7)
FNF:7
FNH:0
FNDA:0,(anonymous_1)
FNDA:0,(anonymous_2)
FNDA:0,(anonymous_3)
FNDA:0,(anonymous_4)
FNDA:0,(anonymous_5)
FNDA:0,(anonymous_6)
FNDA:0,(anonymous_7)
DA:1,4
DA:2,4
DA:3,4
DA:7,4
DA:8,0
DA:9,0
DA:13,4
DA:14,0
DA:17,0
DA:21,4
DA:22,0
DA:23,0
DA:24,0
DA:26,0
DA:30,4
DA:31,0
DA:32,0
DA:36,4
DA:37,0
DA:38,0
DA:42,4
DA:43,0
DA:46,0
DA:50,4
DA:51,0
LF:25
LH:10
BRDA:23,0,0,0
BRF:1
BRH:0
end_of_record
